2025-08-26 00:20:07,011 - INFO - API startup successful - all required files found
2025-08-26 00:21:53,985 - INFO - === NEW REQUEST RECEIVED ===
2025-08-26 00:21:53,986 - INFO - comfyui_url: https://153f213342941.notebooks.jarvislabs.net
2025-08-26 00:21:53,986 - INFO - images_zip filename: input.zip
2025-08-26 00:21:53,986 - INFO - masks_zip filename: input_processed.zip
2025-08-26 00:21:53,986 - INFO - prompts_json filename: 6292393310444
2025-08-26 00:21:53,986 - INFO - Creating temporary directories...
2025-08-26 00:21:53,987 - INFO - Temp dir: /var/folders/c1/ldxrmn552j738t4qrsd_czr40000gn/T/tmp28pz06v8
2025-08-26 00:21:53,987 - INFO - Input dir: /var/folders/c1/ldxrmn552j738t4qrsd_czr40000gn/T/tmp28pz06v8/input_images
2025-08-26 00:21:53,987 - INFO - Masks dir: /var/folders/c1/ldxrmn552j738t4qrsd_czr40000gn/T/tmp28pz06v8/masks
2025-08-26 00:21:53,987 - INFO - Output dir: /var/folders/c1/ldxrmn552j738t4qrsd_czr40000gn/T/tmp28pz06v8/output
2025-08-26 00:21:53,988 - INFO - Temporary directories created successfully
2025-08-26 00:21:53,988 - INFO - Starting ZIP extraction...
2025-08-26 00:21:53,988 - INFO - Attempting to extract images ZIP: input.zip
2025-08-26 00:21:53,988 - INFO - === ZIP EXTRACTION START ===
2025-08-26 00:21:53,988 - INFO - Filename: input.zip
2025-08-26 00:21:53,988 - INFO - Content type: application/zip
2025-08-26 00:21:53,988 - INFO - File size: 9553135
2025-08-26 00:21:53,988 - INFO - Reading file content...
2025-08-26 00:21:53,991 - INFO - Content read successfully. Size: 9553135 bytes
2025-08-26 00:21:53,991 - INFO - Creating BytesIO object...
2025-08-26 00:21:53,991 - INFO - BytesIO object created successfully
2025-08-26 00:21:53,991 - INFO - Validating ZIP format...
2025-08-26 00:21:53,993 - INFO - ZIP format validation passed
2025-08-26 00:21:53,993 - INFO - File pointer reset to beginning
2025-08-26 00:21:53,993 - INFO - Opening ZIP file...
2025-08-26 00:21:53,994 - INFO - ZIP file opened. Number of files: 2
2025-08-26 00:21:53,995 - INFO - ZIP file list: ['6292393310444_0002.jpg', 'closeup(1).jpg']...
2025-08-26 00:21:53,995 - INFO - Testing ZIP integrity...
2025-08-26 00:21:54,000 - INFO - ZIP integrity test passed
2025-08-26 00:21:54,000 - INFO - Extracting to: /var/folders/c1/ldxrmn552j738t4qrsd_czr40000gn/T/tmp28pz06v8/input_images
2025-08-26 00:21:54,013 - INFO - Successfully extracted input.zip to /var/folders/c1/ldxrmn552j738t4qrsd_czr40000gn/T/tmp28pz06v8/input_images
2025-08-26 00:21:54,013 - INFO - Extracted files: ['6292393310444_0002.jpg', 'closeup(1).jpg']
2025-08-26 00:21:54,013 - INFO - === ZIP EXTRACTION COMPLETED SUCCESSFULLY ===
2025-08-26 00:21:54,014 - INFO - Images ZIP extracted successfully to: /var/folders/c1/ldxrmn552j738t4qrsd_czr40000gn/T/tmp28pz06v8/input_images
2025-08-26 00:21:54,014 - INFO - Attempting to extract masks ZIP: input_processed.zip
2025-08-26 00:21:54,014 - INFO - === ZIP EXTRACTION START ===
2025-08-26 00:21:54,015 - INFO - Filename: input_processed.zip
2025-08-26 00:21:54,015 - INFO - Content type: application/zip
2025-08-26 00:21:54,015 - INFO - File size: 176217
2025-08-26 00:21:54,015 - INFO - Reading file content...
2025-08-26 00:21:54,015 - INFO - Content read successfully. Size: 176217 bytes
2025-08-26 00:21:54,015 - INFO - Creating BytesIO object...
2025-08-26 00:21:54,015 - INFO - BytesIO object created successfully
2025-08-26 00:21:54,015 - INFO - Validating ZIP format...
2025-08-26 00:21:54,015 - INFO - ZIP format validation passed
2025-08-26 00:21:54,015 - INFO - File pointer reset to beginning
2025-08-26 00:21:54,015 - INFO - Opening ZIP file...
2025-08-26 00:21:54,015 - INFO - ZIP file opened. Number of files: 2
2025-08-26 00:21:54,016 - INFO - ZIP file list: ['6292393310444_0002.jpg', 'closeup(1).jpg']...
2025-08-26 00:21:54,016 - INFO - Testing ZIP integrity...
2025-08-26 00:21:54,017 - INFO - ZIP integrity test passed
2025-08-26 00:21:54,017 - INFO - Extracting to: /var/folders/c1/ldxrmn552j738t4qrsd_czr40000gn/T/tmp28pz06v8/masks
2025-08-26 00:21:54,020 - INFO - Successfully extracted input_processed.zip to /var/folders/c1/ldxrmn552j738t4qrsd_czr40000gn/T/tmp28pz06v8/masks
2025-08-26 00:21:54,020 - INFO - Extracted files: ['6292393310444_0002.jpg', 'closeup(1).jpg']
2025-08-26 00:21:54,020 - INFO - === ZIP EXTRACTION COMPLETED SUCCESSFULLY ===
2025-08-26 00:21:54,020 - INFO - Masks ZIP extracted successfully to: /var/folders/c1/ldxrmn552j738t4qrsd_czr40000gn/T/tmp28pz06v8/masks
2025-08-26 00:21:54,020 - INFO - Reading and validating prompts JSON...
2025-08-26 00:21:54,021 - INFO - Prompts JSON content length: 1241 bytes
2025-08-26 00:21:54,021 - INFO - Converting list format to dictionary format...
2025-08-26 00:21:54,021 - INFO - Converted nested item for product 6292393310444
2025-08-26 00:21:54,021 - INFO - Converted 1 list items to dictionary format
2025-08-26 00:21:54,021 - INFO - Prompts JSON parsed successfully. Number of products: 1
2025-08-26 00:21:54,021 - INFO - Product IDs: ['6292393310444']
2025-08-26 00:21:54,021 - INFO - Loading workflow configuration...
2025-08-26 00:21:54,025 - INFO - Workflow configuration loaded successfully
2025-08-26 00:21:54,025 - INFO - Starting synchronous image processing...
2025-08-26 00:21:54,025 - INFO - ComfyUI URL: https://153f213342941.notebooks.jarvislabs.net
2025-08-26 00:21:54,025 - INFO - Input directory contents: ['6292393310444_0002.jpg', 'closeup(1).jpg']
2025-08-26 00:21:54,025 - INFO - Masks directory contents: ['6292393310444_0002.jpg', 'closeup(1).jpg']
2025-08-26 00:21:54,025 - INFO - Starting image processing - this will wait for ComfyUI to complete ALL images...
2025-08-26 00:21:54,025 - INFO - Starting to process images...
2025-08-26 00:21:54,026 - INFO - Attempting to upload background image to ComfyUI server: https://153f213342941.notebooks.jarvislabs.net
2025-08-26 00:21:54,306 - INFO - Uploaded WhiteBackground_Template.png as WhiteBackground_Template_20250826_002154_c520ff8c.png (Content-Type: image/png)
2025-08-26 00:21:54,308 - INFO - Found 1 unique style images referenced in prompts.json
2025-08-26 00:21:54,308 - INFO - Required style images: Urban street
2025-08-26 00:21:54,310 - INFO - Found matching files for all 1 required style images
2025-08-26 00:21:54,310 - INFO - Uploading required style image: Urban street.jpg -> Urban street
2025-08-26 00:21:54,807 - INFO - Uploaded Urban street.jpg as Urban street_20250826_002154_42841f95.jpg (Content-Type: image/jpeg)
2025-08-26 00:21:54,811 - INFO - Successfully uploaded style image for 'Urban street'
2025-08-26 00:21:54,811 - INFO - Successfully uploaded all 1 required style images
2025-08-26 00:21:54,811 - INFO - Starting image processing - processing all images with matching masks
2025-08-26 00:21:54,811 - INFO - Found 2 images in input_images directory: ['6292393310444_0002.jpg', 'closeup(1).jpg']
2025-08-26 00:21:54,811 - INFO - Found 2 masks in masks directory: ['6292393310444_0002.jpg', 'closeup(1).jpg']
2025-08-26 00:21:54,812 - INFO - Found matching pair: 6292393310444_0002.jpg -> 6292393310444_0002.jpg
2025-08-26 00:21:54,812 - INFO - Found matching pair: closeup(1).jpg -> closeup(1).jpg
2025-08-26 00:21:54,812 - INFO - Found 2 matching image-mask pairs to process
2025-08-26 00:21:54,812 - INFO - Using default prompt: Generate a scene of a young European male model (23 years old) with a white skin tone, a toned muscu...
2025-08-26 00:21:54,812 - INFO - Using default style: Urban street
2025-08-26 00:21:54,812 - INFO - Using style image: Urban street_20250826_002154_42841f95.jpg
2025-08-26 00:21:54,812 - INFO - Created output directory: /var/folders/c1/ldxrmn552j738t4qrsd_czr40000gn/T/tmp28pz06v8/output/processed_images
2025-08-26 00:21:54,812 - INFO - Processing pair 1/2: 6292393310444_0002.jpg + 6292393310444_0002.jpg
2025-08-26 00:21:55,339 - INFO - Uploaded 6292393310444_0002.jpg as 6292393310444_0002_20250826_002154_f7a21d0d.jpg (Content-Type: image/jpeg)
2025-08-26 00:21:55,620 - INFO - Uploaded 6292393310444_0002.jpg as 6292393310444_0002_20250826_002155_cd1e5299.jpg (Content-Type: image/jpeg)
2025-08-26 00:21:55,622 - INFO - === ORIGINAL WORKFLOW DEBUG ===
2025-08-26 00:21:55,622 - INFO - Original workflow has 87 nodes
2025-08-26 00:21:55,623 - INFO - Original node 454 inputs: {'image': 'backpos (1)_variant_1.png', 'resize': False, 'width': 512, 'height': 512, 'repeat': 1, 'keep_proportion': False, 'divisible_by': 2, 'mask_channel': 'alpha', 'background_color': ''}
2025-08-26 00:21:55,623 - INFO - Original node 439 inputs: {'image': 'closeup (1) (2).png'}
2025-08-26 00:21:55,623 - INFO - Original node 256 inputs: {'image': 'White Background_Template.png'}
2025-08-26 00:21:55,623 - INFO - Original node 110 inputs: {'image': 'Hotel Lobby.jpg'}
2025-08-26 00:21:55,623 - INFO - Original node 448 inputs: {'string': 'Generate a scene of a young European female model (23 years old) with a white skin tone, light brown hair,with ((perfectly drawn hands 1.4)),, Wearing a black fitted top, paired with a black asymmetric skirt with sheer panel detailing, and completed with no visible footwear.,  ((standing confidently in a relaxed pose in a modern, bright hotel lobby, one hand resting on her hip and the other holding a small handbag, with a composed expression 1.3)), ((bright and spacious hotel lobby with light wood paneling, polished floors, modern lighting, and contemporary furniture with minimalist décor, creating a fresh and welcoming atmosphere 1.3)), in a clean style, detailed, ((professional apparel photography 1.4)). Camera Used: Sony Alpha, Camera Angle: full-body shot, straight-on, Lighting: bright, neutral hotel lighting that illuminates the model and dress perfectly, Contrast Color, ultra photorealistic, highlighting textures and details, depth of field, crisp focus, HD quality.'}
2025-08-26 00:21:55,624 - INFO - Updated input image (454) with: 6292393310444_0002_20250826_002154_f7a21d0d.jpg
2025-08-26 00:21:55,624 - INFO - Updated mask image (439) with: 6292393310444_0002_20250826_002155_cd1e5299.jpg
2025-08-26 00:21:55,624 - INFO - Updated background image (256) with: WhiteBackground_Template_20250826_002154_c520ff8c.png
2025-08-26 00:21:55,624 - INFO - Updated style image (110) with: Urban street_20250826_002154_42841f95.jpg
2025-08-26 00:21:55,624 - INFO - Updated prompt text in node 448: Generate a scene of a young European male model (23 years old) with a white skin tone, a toned muscu...
2025-08-26 00:21:55,624 - INFO - === UPDATED WORKFLOW DEBUG ===
2025-08-26 00:21:55,625 - INFO - Updated workflow has 87 nodes
2025-08-26 00:21:55,625 - INFO - Updated node 454 inputs: {'image': '6292393310444_0002_20250826_002154_f7a21d0d.jpg', 'resize': False, 'width': 512, 'height': 512, 'repeat': 1, 'keep_proportion': False, 'divisible_by': 2, 'mask_channel': 'alpha', 'background_color': ''}
2025-08-26 00:21:55,625 - INFO - Updated node 439 inputs: {'image': '6292393310444_0002_20250826_002155_cd1e5299.jpg'}
2025-08-26 00:21:55,625 - INFO - Updated node 256 inputs: {'image': 'WhiteBackground_Template_20250826_002154_c520ff8c.png'}
2025-08-26 00:21:55,625 - INFO - Updated node 110 inputs: {'image': 'Urban street_20250826_002154_42841f95.jpg'}
2025-08-26 00:21:55,625 - INFO - Updated node 448 inputs: {'string': 'Generate a scene of a young European male model (23 years old) with a white skin tone, a toned muscular body, brown hair, with ((perfectly drawn hands 1.4)), Wearing a black oversized t-shirt featuring a colorful graphic print of Rick Sanchez on the back with the name "RICK SANCHEZ" beneath it, paired with black relaxed-fit shorts, and completing the look with casual footwear (not visible).  ((walking confidently on a city sidewalk)), ((modern urban street setting with textured walls, light stone pavement, and subtle background elements like a bicycle and warm sunlight 1.3)), in a clean style, detailed, ((professional apparel photography 1.4)). Camera Used: Sony Alpha, Camera Angle: half-body pose, Lighting: soft natural daylight with gentle contrast, ultra photorealistic, highlighting textures and details, crisp focus, HD quality.'}
2025-08-26 00:21:55,625 - INFO - Submitting workflow to: https://153f213342941.notebooks.jarvislabs.net/prompt
2025-08-26 00:21:55,625 - INFO - Workflow has 87 nodes
2025-08-26 00:21:55,625 - INFO - Key nodes present: ['454', '439', '256', '110', '448']
2025-08-26 00:21:55,625 - INFO - === WORKFLOW SUBMISSION DEBUG ===
2025-08-26 00:21:55,625 - INFO - Image file: 6292393310444_0002.jpg
2025-08-26 00:21:55,626 - INFO - Input node 454: 6292393310444_0002_20250826_002154_f7a21d0d.jpg
2025-08-26 00:21:55,626 - INFO - Mask node 439: 6292393310444_0002_20250826_002155_cd1e5299.jpg
2025-08-26 00:21:55,627 - INFO - Background node 256: WhiteBackground_Template_20250826_002154_c520ff8c.png
2025-08-26 00:21:55,627 - INFO - Style node 110: Urban street_20250826_002154_42841f95.jpg
2025-08-26 00:21:55,627 - INFO - Prompt node 448: Generate a scene of a young European male model (23 years old) with a white skin tone, a toned muscular body, brown hair, with ((perfectly drawn hands 1.4)), Wearing a black oversized t-shirt featurin...
2025-08-26 00:21:55,628 - INFO - Request payload size: 16627 characters
2025-08-26 00:21:55,628 - INFO - Request payload keys: ['prompt']
2025-08-26 00:21:55,812 - INFO - === COMFYUI RESPONSE DEBUG ===
2025-08-26 00:21:55,813 - INFO - Response status code: 200
2025-08-26 00:21:55,813 - INFO - Response headers: {'Date': 'Mon, 25 Aug 2025 18:51:55 GMT', 'Content-Type': 'application/json; charset=utf-8', 'Transfer-Encoding': 'chunked', 'Connection': 'keep-alive', 'Server': 'cloudflare', 'Nel': '{"report_to":"cf-nel","success_fraction":0.0,"max_age":604800}', 'Cf-Cache-Status': 'DYNAMIC', 'Report-To': '{"group":"cf-nel","max_age":604800,"endpoints":[{"url":"https://a.nel.cloudflare.com/report/v4?s=itT8jGZNt72cBSNvJnMpbrOoTfAWmE1E6vKkrP4KfiLrkC%2F6jx5bKCg6SslOe8KF4f4OJxJfrttSVuWtZlAscemVMlTk0votont74tf%2Bl4Qw81OuT7sF3q1S9aBoEB0Z7HP6zuQ%3D"}]}', 'Content-Encoding': 'gzip', 'CF-RAY': '974d48993a1880bb-BOM'}
2025-08-26 00:21:55,814 - INFO - Response content: {"prompt_id": "c1602f50-033c-44cd-a618-148173c1d64c", "number": 19, "node_errors": {}}...
2025-08-26 00:21:55,814 - INFO - Queued prompt c1602f50-033c-44cd-a618-148173c1d64c for 6292393310444_0002.jpg
2025-08-26 00:21:55,814 - INFO - [PROMPT SEND CHECK] Node 448 content: Generate a scene of a young European male model (23 years old) with a white skin tone, a toned muscular body, brown hair, with ((perfectly drawn hands 1.4)), Wearing a black oversized t-shirt featurin...
2025-08-26 00:21:55,971 - INFO - Processing... attempt 1/100
2025-08-26 00:22:01,092 - INFO - Processing... attempt 2/100
2025-08-26 00:22:06,252 - INFO - Processing... attempt 3/100
2025-08-26 00:22:11,656 - INFO - Processing... attempt 4/100
2025-08-26 00:22:16,757 - INFO - Processing... attempt 5/100
2025-08-26 00:22:21,902 - INFO - Processing... attempt 6/100
2025-08-26 00:22:27,009 - INFO - Processing... attempt 7/100
2025-08-26 00:22:32,120 - INFO - Processing... attempt 8/100
2025-08-26 00:22:37,236 - INFO - Processing... attempt 9/100
2025-08-26 00:22:42,377 - INFO - Processing... attempt 10/100
2025-08-26 00:22:47,554 - INFO - Processing... attempt 11/100
2025-08-26 00:22:52,725 - INFO - Processing... attempt 12/100
2025-08-26 00:22:57,891 - INFO - Processing... attempt 13/100
2025-08-26 00:23:03,001 - INFO - Processing... attempt 14/100
2025-08-26 00:23:08,184 - INFO - Processing completed after 15 attempts
2025-08-26 00:23:09,425 - INFO - Saved: /var/folders/c1/ldxrmn552j738t4qrsd_czr40000gn/T/tmp28pz06v8/output/processed_images/6292393310444_0002_variant_1.jpg
2025-08-26 00:23:09,426 - INFO - Saved: /var/folders/c1/ldxrmn552j738t4qrsd_czr40000gn/T/tmp28pz06v8/output/processed_images/6292393310444_0002_variant_2.jpg
2025-08-26 00:23:09,427 - INFO - Saved: /var/folders/c1/ldxrmn552j738t4qrsd_czr40000gn/T/tmp28pz06v8/output/processed_images/6292393310444_0002_variant_3.jpg
2025-08-26 00:23:09,585 - INFO - Successfully processed 6292393310444_0002.jpg
2025-08-26 00:23:10,590 - INFO - Processing pair 2/2: closeup(1).jpg + closeup(1).jpg
2025-08-26 00:23:11,172 - INFO - Uploaded closeup(1).jpg as closeup(1)_20250826_002310_1645f136.jpg (Content-Type: image/jpeg)
2025-08-26 00:23:11,345 - INFO - Uploaded closeup(1).jpg as closeup(1)_20250826_002311_c9efe297.jpg (Content-Type: image/jpeg)
2025-08-26 00:23:11,350 - INFO - === ORIGINAL WORKFLOW DEBUG ===
2025-08-26 00:23:11,350 - INFO - Original workflow has 87 nodes
2025-08-26 00:23:11,350 - INFO - Original node 454 inputs: {'image': 'backpos (1)_variant_1.png', 'resize': False, 'width': 512, 'height': 512, 'repeat': 1, 'keep_proportion': False, 'divisible_by': 2, 'mask_channel': 'alpha', 'background_color': ''}
2025-08-26 00:23:11,350 - INFO - Original node 439 inputs: {'image': 'closeup (1) (2).png'}
2025-08-26 00:23:11,350 - INFO - Original node 256 inputs: {'image': 'White Background_Template.png'}
2025-08-26 00:23:11,350 - INFO - Original node 110 inputs: {'image': 'Hotel Lobby.jpg'}
2025-08-26 00:23:11,350 - INFO - Original node 448 inputs: {'string': 'Generate a scene of a young European female model (23 years old) with a white skin tone, light brown hair,with ((perfectly drawn hands 1.4)),, Wearing a black fitted top, paired with a black asymmetric skirt with sheer panel detailing, and completed with no visible footwear.,  ((standing confidently in a relaxed pose in a modern, bright hotel lobby, one hand resting on her hip and the other holding a small handbag, with a composed expression 1.3)), ((bright and spacious hotel lobby with light wood paneling, polished floors, modern lighting, and contemporary furniture with minimalist décor, creating a fresh and welcoming atmosphere 1.3)), in a clean style, detailed, ((professional apparel photography 1.4)). Camera Used: Sony Alpha, Camera Angle: full-body shot, straight-on, Lighting: bright, neutral hotel lighting that illuminates the model and dress perfectly, Contrast Color, ultra photorealistic, highlighting textures and details, depth of field, crisp focus, HD quality.'}
2025-08-26 00:23:11,353 - INFO - Updated input image (454) with: closeup(1)_20250826_002310_1645f136.jpg
2025-08-26 00:23:11,353 - INFO - Updated mask image (439) with: closeup(1)_20250826_002311_c9efe297.jpg
2025-08-26 00:23:11,353 - INFO - Updated background image (256) with: WhiteBackground_Template_20250826_002154_c520ff8c.png
2025-08-26 00:23:11,353 - INFO - Updated style image (110) with: Urban street_20250826_002154_42841f95.jpg
2025-08-26 00:23:11,353 - INFO - Updated prompt text in node 448: Generate a scene of a young European male model (23 years old) with a white skin tone, a toned muscu...
2025-08-26 00:23:11,353 - INFO - === UPDATED WORKFLOW DEBUG ===
2025-08-26 00:23:11,353 - INFO - Updated workflow has 87 nodes
2025-08-26 00:23:11,353 - INFO - Updated node 454 inputs: {'image': 'closeup(1)_20250826_002310_1645f136.jpg', 'resize': False, 'width': 512, 'height': 512, 'repeat': 1, 'keep_proportion': False, 'divisible_by': 2, 'mask_channel': 'alpha', 'background_color': ''}
2025-08-26 00:23:11,354 - INFO - Updated node 439 inputs: {'image': 'closeup(1)_20250826_002311_c9efe297.jpg'}
2025-08-26 00:23:11,354 - INFO - Updated node 256 inputs: {'image': 'WhiteBackground_Template_20250826_002154_c520ff8c.png'}
2025-08-26 00:23:11,354 - INFO - Updated node 110 inputs: {'image': 'Urban street_20250826_002154_42841f95.jpg'}
2025-08-26 00:23:11,354 - INFO - Updated node 448 inputs: {'string': 'Generate a scene of a young European male model (23 years old) with a white skin tone, a toned muscular body, brown hair, with ((perfectly drawn hands 1.4)), Wearing a black oversized t-shirt featuring a colorful graphic print of Rick Sanchez on the back with the name "RICK SANCHEZ" beneath it, paired with black relaxed-fit shorts, and completing the look with casual footwear (not visible).  ((walking confidently on a city sidewalk)), ((modern urban street setting with textured walls, light stone pavement, and subtle background elements like a bicycle and warm sunlight 1.3)), in a clean style, detailed, ((professional apparel photography 1.4)). Camera Used: Sony Alpha, Camera Angle: half-body pose, Lighting: soft natural daylight with gentle contrast, ultra photorealistic, highlighting textures and details, crisp focus, HD quality.'}
2025-08-26 00:23:11,354 - INFO - Submitting workflow to: https://153f213342941.notebooks.jarvislabs.net/prompt
2025-08-26 00:23:11,354 - INFO - Workflow has 87 nodes
2025-08-26 00:23:11,354 - INFO - Key nodes present: ['454', '439', '256', '110', '448']
2025-08-26 00:23:11,354 - INFO - === WORKFLOW SUBMISSION DEBUG ===
2025-08-26 00:23:11,354 - INFO - Image file: closeup(1).jpg
2025-08-26 00:23:11,354 - INFO - Input node 454: closeup(1)_20250826_002310_1645f136.jpg
2025-08-26 00:23:11,354 - INFO - Mask node 439: closeup(1)_20250826_002311_c9efe297.jpg
2025-08-26 00:23:11,355 - INFO - Background node 256: WhiteBackground_Template_20250826_002154_c520ff8c.png
2025-08-26 00:23:11,355 - INFO - Style node 110: Urban street_20250826_002154_42841f95.jpg
2025-08-26 00:23:11,355 - INFO - Prompt node 448: Generate a scene of a young European male model (23 years old) with a white skin tone, a toned muscular body, brown hair, with ((perfectly drawn hands 1.4)), Wearing a black oversized t-shirt featurin...
2025-08-26 00:23:11,357 - INFO - Request payload size: 16611 characters
2025-08-26 00:23:11,357 - INFO - Request payload keys: ['prompt']
2025-08-26 00:23:11,487 - INFO - === COMFYUI RESPONSE DEBUG ===
2025-08-26 00:23:11,488 - INFO - Response status code: 200
2025-08-26 00:23:11,488 - INFO - Response headers: {'Date': 'Mon, 25 Aug 2025 18:53:11 GMT', 'Content-Type': 'application/json; charset=utf-8', 'Transfer-Encoding': 'chunked', 'Connection': 'keep-alive', 'Server': 'cloudflare', 'Nel': '{"report_to":"cf-nel","success_fraction":0.0,"max_age":604800}', 'Cf-Cache-Status': 'DYNAMIC', 'Report-To': '{"group":"cf-nel","max_age":604800,"endpoints":[{"url":"https://a.nel.cloudflare.com/report/v4?s=s8gLy98NwsL1onIqzPcHzRX%2BMWlF0AfPbnTQGTbA%2FYdWn4MNZ1jwOyiyPQvcWZftByU7Cf%2F3JmItQ5uhLF7v5GM1MMU6M9XGCnaycz2dS3TdV9%2Bvy8o%2B1GaTe8e3NrxUVjaZ"}]}', 'Content-Encoding': 'gzip', 'CF-RAY': '974d4a728a96a911-MAA'}
2025-08-26 00:23:11,488 - INFO - Response content: {"prompt_id": "f43e2c3e-57e2-412d-a828-f46211ad577a", "number": 20, "node_errors": {}}...
2025-08-26 00:23:11,488 - INFO - Queued prompt f43e2c3e-57e2-412d-a828-f46211ad577a for closeup(1).jpg
2025-08-26 00:23:11,488 - INFO - [PROMPT SEND CHECK] Node 448 content: Generate a scene of a young European male model (23 years old) with a white skin tone, a toned muscular body, brown hair, with ((perfectly drawn hands 1.4)), Wearing a black oversized t-shirt featurin...
2025-08-26 00:23:11,606 - INFO - Processing... attempt 1/100
2025-08-26 00:23:16,776 - INFO - Processing... attempt 2/100
2025-08-26 00:23:21,974 - INFO - Processing... attempt 3/100
2025-08-26 00:23:27,084 - INFO - Processing... attempt 4/100
2025-08-26 00:23:32,266 - INFO - Processing... attempt 5/100
2025-08-26 00:23:37,384 - INFO - Processing... attempt 6/100
2025-08-26 00:23:42,533 - INFO - Processing... attempt 7/100
2025-08-26 00:23:47,736 - INFO - Processing... attempt 8/100
2025-08-26 00:23:52,857 - INFO - Processing... attempt 9/100
2025-08-26 00:23:57,968 - INFO - Processing... attempt 10/100
2025-08-26 00:24:03,093 - INFO - Processing... attempt 11/100
2025-08-26 00:24:08,272 - INFO - Processing... attempt 12/100
2025-08-26 00:24:13,388 - INFO - Processing... attempt 13/100
2025-08-26 00:24:18,519 - INFO - Processing completed after 14 attempts
2025-08-26 00:24:19,867 - INFO - Saved: /var/folders/c1/ldxrmn552j738t4qrsd_czr40000gn/T/tmp28pz06v8/output/processed_images/closeup(1)_variant_1.jpg
2025-08-26 00:24:19,870 - INFO - Saved: /var/folders/c1/ldxrmn552j738t4qrsd_czr40000gn/T/tmp28pz06v8/output/processed_images/closeup(1)_variant_2.jpg
2025-08-26 00:24:19,872 - INFO - Saved: /var/folders/c1/ldxrmn552j738t4qrsd_czr40000gn/T/tmp28pz06v8/output/processed_images/closeup(1)_variant_3.jpg
2025-08-26 00:24:19,977 - INFO - Successfully processed closeup(1).jpg
2025-08-26 00:24:20,982 - INFO - Processing completed successfully!
2025-08-26 00:24:20,983 - INFO - Total image-mask pairs processed: 2
2025-08-26 00:24:20,983 - INFO - Successful images: 2
2025-08-26 00:24:20,983 - INFO - Failed images: 0
2025-08-26 00:24:20,988 - INFO - Image processing completed successfully
2025-08-26 00:24:20,988 - INFO - Creating final ZIP file...
2025-08-26 00:24:20,990 - INFO - Found 6 processed images: ['closeup(1)_variant_1.jpg', 'closeup(1)_variant_2.jpg', 'closeup(1)_variant_3.jpg', '6292393310444_0002_variant_2.jpg', '6292393310444_0002_variant_3.jpg', '6292393310444_0002_variant_1.jpg']
2025-08-26 00:24:21,000 - INFO - Added to ZIP: processed_images/closeup(1)_variant_1.jpg
2025-08-26 00:24:21,011 - INFO - Added to ZIP: processed_images/closeup(1)_variant_2.jpg
2025-08-26 00:24:21,015 - INFO - Added to ZIP: processed_images/closeup(1)_variant_3.jpg
2025-08-26 00:24:21,022 - INFO - Added to ZIP: processed_images/6292393310444_0002_variant_2.jpg
2025-08-26 00:24:21,026 - INFO - Added to ZIP: processed_images/6292393310444_0002_variant_3.jpg
2025-08-26 00:24:21,031 - INFO - Added to ZIP: processed_images/6292393310444_0002_variant_1.jpg
2025-08-26 00:24:21,032 - INFO - ZIP file created: /var/folders/c1/ldxrmn552j738t4qrsd_czr40000gn/T/tmp28pz06v8/processed_images_1756148060.zip
2025-08-26 00:24:21,032 - INFO - ZIP file size: 9602376 bytes
2025-08-26 00:24:21,036 - INFO - === REQUEST PROCESSING COMPLETED SUCCESSFULLY ===
2025-08-26 00:24:21,041 - INFO - Temporary directory cleaned up
