2025-08-25 21:28:14,444 - INFO - API startup successful - all required files found
2025-08-25 21:30:50,231 - INFO - === NEW REQUEST RECEIVED ===
2025-08-25 21:30:50,232 - INFO - comfyui_url: https://153f213342941.notebooks.jarvislabs.net
2025-08-25 21:30:50,232 - INFO - images_zip filename: input.zip
2025-08-25 21:30:50,232 - INFO - masks_zip filename: input_processed.zip
2025-08-25 21:30:50,232 - INFO - prompts_json filename: 6292393310444
2025-08-25 21:30:50,233 - INFO - Creating temporary directories...
2025-08-25 21:30:50,235 - INFO - Temp dir: /var/folders/c1/ldxrmn552j738t4qrsd_czr40000gn/T/tmpjde6me2w
2025-08-25 21:30:50,235 - INFO - Input dir: /var/folders/c1/ldxrmn552j738t4qrsd_czr40000gn/T/tmpjde6me2w/input_images
2025-08-25 21:30:50,235 - INFO - Masks dir: /var/folders/c1/ldxrmn552j738t4qrsd_czr40000gn/T/tmpjde6me2w/masks
2025-08-25 21:30:50,235 - INFO - Output dir: /var/folders/c1/ldxrmn552j738t4qrsd_czr40000gn/T/tmpjde6me2w/output
2025-08-25 21:30:50,236 - INFO - Temporary directories created successfully
2025-08-25 21:30:50,236 - INFO - Starting ZIP extraction...
2025-08-25 21:30:50,236 - INFO - Attempting to extract images ZIP: input.zip
2025-08-25 21:30:50,236 - INFO - === ZIP EXTRACTION START ===
2025-08-25 21:30:50,236 - INFO - Filename: input.zip
2025-08-25 21:30:50,236 - INFO - Content type: application/zip
2025-08-25 21:30:50,236 - INFO - File size: 9553135
2025-08-25 21:30:50,236 - INFO - Reading file content...
2025-08-25 21:30:50,238 - INFO - Content read successfully. Size: 9553135 bytes
2025-08-25 21:30:50,238 - INFO - Creating BytesIO object...
2025-08-25 21:30:50,238 - INFO - BytesIO object created successfully
2025-08-25 21:30:50,238 - INFO - Validating ZIP format...
2025-08-25 21:30:50,239 - INFO - ZIP format validation passed
2025-08-25 21:30:50,239 - INFO - File pointer reset to beginning
2025-08-25 21:30:50,239 - INFO - Opening ZIP file...
2025-08-25 21:30:50,240 - INFO - ZIP file opened. Number of files: 2
2025-08-25 21:30:50,240 - INFO - ZIP file list: ['6292393310444_0002.jpg', 'closeup(1).jpg']...
2025-08-25 21:30:50,240 - INFO - Testing ZIP integrity...
2025-08-25 21:30:50,246 - INFO - ZIP integrity test passed
2025-08-25 21:30:50,246 - INFO - Extracting to: /var/folders/c1/ldxrmn552j738t4qrsd_czr40000gn/T/tmpjde6me2w/input_images
2025-08-25 21:30:50,255 - INFO - Successfully extracted input.zip to /var/folders/c1/ldxrmn552j738t4qrsd_czr40000gn/T/tmpjde6me2w/input_images
2025-08-25 21:30:50,255 - INFO - Extracted files: ['6292393310444_0002.jpg', 'closeup(1).jpg']
2025-08-25 21:30:50,255 - INFO - === ZIP EXTRACTION COMPLETED SUCCESSFULLY ===
2025-08-25 21:30:50,256 - INFO - Images ZIP extracted successfully to: /var/folders/c1/ldxrmn552j738t4qrsd_czr40000gn/T/tmpjde6me2w/input_images
2025-08-25 21:30:50,256 - INFO - Attempting to extract masks ZIP: input_processed.zip
2025-08-25 21:30:50,256 - INFO - === ZIP EXTRACTION START ===
2025-08-25 21:30:50,256 - INFO - Filename: input_processed.zip
2025-08-25 21:30:50,256 - INFO - Content type: application/zip
2025-08-25 21:30:50,256 - INFO - File size: 176215
2025-08-25 21:30:50,256 - INFO - Reading file content...
2025-08-25 21:30:50,256 - INFO - Content read successfully. Size: 176215 bytes
2025-08-25 21:30:50,256 - INFO - Creating BytesIO object...
2025-08-25 21:30:50,256 - INFO - BytesIO object created successfully
2025-08-25 21:30:50,256 - INFO - Validating ZIP format...
2025-08-25 21:30:50,256 - INFO - ZIP format validation passed
2025-08-25 21:30:50,256 - INFO - File pointer reset to beginning
2025-08-25 21:30:50,256 - INFO - Opening ZIP file...
2025-08-25 21:30:50,256 - INFO - ZIP file opened. Number of files: 2
2025-08-25 21:30:50,256 - INFO - ZIP file list: ['6292393310444_0002.jpg', 'closeup(1).jpg']...
2025-08-25 21:30:50,256 - INFO - Testing ZIP integrity...
2025-08-25 21:30:50,258 - INFO - ZIP integrity test passed
2025-08-25 21:30:50,258 - INFO - Extracting to: /var/folders/c1/ldxrmn552j738t4qrsd_czr40000gn/T/tmpjde6me2w/masks
2025-08-25 21:30:50,260 - INFO - Successfully extracted input_processed.zip to /var/folders/c1/ldxrmn552j738t4qrsd_czr40000gn/T/tmpjde6me2w/masks
2025-08-25 21:30:50,260 - INFO - Extracted files: ['6292393310444_0002.jpg', 'closeup(1).jpg']
2025-08-25 21:30:50,260 - INFO - === ZIP EXTRACTION COMPLETED SUCCESSFULLY ===
2025-08-25 21:30:50,261 - INFO - Masks ZIP extracted successfully to: /var/folders/c1/ldxrmn552j738t4qrsd_czr40000gn/T/tmpjde6me2w/masks
2025-08-25 21:30:50,261 - INFO - Reading and validating prompts JSON...
2025-08-25 21:30:50,261 - INFO - Prompts JSON content length: 1452 bytes
2025-08-25 21:30:50,262 - INFO - Converting list format to dictionary format...
2025-08-25 21:30:50,262 - INFO - Converted nested item for product 6292393310444
2025-08-25 21:30:50,262 - INFO - Converted 1 list items to dictionary format
2025-08-25 21:30:50,262 - INFO - Prompts JSON parsed successfully. Number of products: 1
2025-08-25 21:30:50,262 - INFO - Product IDs: ['6292393310444']
2025-08-25 21:30:50,262 - INFO - Loading workflow configuration...
2025-08-25 21:30:50,269 - INFO - Workflow configuration loaded successfully
2025-08-25 21:30:50,269 - INFO - Starting synchronous image processing...
2025-08-25 21:30:50,271 - INFO - ComfyUI URL: https://153f213342941.notebooks.jarvislabs.net
2025-08-25 21:30:50,271 - INFO - Input directory contents: ['6292393310444_0002.jpg', 'closeup(1).jpg']
2025-08-25 21:30:50,271 - INFO - Masks directory contents: ['6292393310444_0002.jpg', 'closeup(1).jpg']
2025-08-25 21:30:50,271 - INFO - Starting image processing - this will wait for ComfyUI to complete ALL images...
2025-08-25 21:30:50,271 - INFO - Starting to process images...
2025-08-25 21:30:50,271 - INFO - Attempting to upload background image to ComfyUI server: https://153f213342941.notebooks.jarvislabs.net
2025-08-25 21:30:52,109 - INFO - Uploaded WhiteBackground_Template.png as WhiteBackground_Template_20250825_213050_eca4fcf4.png (Content-Type: image/png)
2025-08-25 21:30:52,112 - INFO - Found 1 unique style images referenced in prompts.json
2025-08-25 21:30:52,112 - INFO - Required style images: Street1
2025-08-25 21:30:52,114 - INFO - Found matching files for all 1 required style images
2025-08-25 21:30:52,115 - INFO - Uploading required style image: Street1.jpg -> Street1
2025-08-25 21:30:53,578 - INFO - Uploaded Street1.jpg as Street1_20250825_213052_792cb743.jpg (Content-Type: image/jpeg)
2025-08-25 21:30:53,583 - INFO - Successfully uploaded style image for 'Street1'
2025-08-25 21:30:53,583 - INFO - Successfully uploaded all 1 required style images
2025-08-25 21:30:53,583 - INFO - Processing product ID: 6292393310444
2025-08-25 21:30:53,584 - INFO - Processing product 6292393310444 (1/1) - Progress: 100%
2025-08-25 21:30:53,584 - INFO - Looking for style image: Street1
2025-08-25 21:30:53,584 - INFO - No product folder found for 6292393310444, falling back to root-level files
2025-08-25 21:30:53,635 - INFO - Using flat structure - input dir: /var/folders/c1/ldxrmn552j738t4qrsd_czr40000gn/T/tmpjde6me2w/input_images, mask dir: /var/folders/c1/ldxrmn552j738t4qrsd_czr40000gn/T/tmpjde6me2w/masks
2025-08-25 21:30:53,694 - INFO - Found input dir: /var/folders/c1/ldxrmn552j738t4qrsd_czr40000gn/T/tmpjde6me2w/input_images
2025-08-25 21:30:53,705 - INFO - Found mask dir: /var/folders/c1/ldxrmn552j738t4qrsd_czr40000gn/T/tmpjde6me2w/masks
2025-08-25 21:30:53,726 - INFO - Created output dir: /var/folders/c1/ldxrmn552j738t4qrsd_czr40000gn/T/tmpjde6me2w/output/6292393310444
2025-08-25 21:30:53,736 - INFO - Available images for product 6292393310444: ['6292393310444_0002.jpg']
2025-08-25 21:30:53,736 - INFO - Found mask: /var/folders/c1/ldxrmn552j738t4qrsd_czr40000gn/T/tmpjde6me2w/masks/6292393310444_0002.jpg
2025-08-25 21:30:57,285 - INFO - Uploaded 6292393310444_0002.jpg as 6292393310444_0002_20250825_213053_4c221ebb.jpg (Content-Type: image/jpeg)
2025-08-25 21:30:57,622 - INFO - Uploaded 6292393310444_0002.jpg as 6292393310444_0002_20250825_213057_532df22c.jpg (Content-Type: image/jpeg)
2025-08-25 21:30:57,624 - INFO - === ORIGINAL WORKFLOW DEBUG ===
2025-08-25 21:30:57,624 - INFO - Original workflow has 87 nodes
2025-08-25 21:30:57,624 - INFO - Original node 454 inputs: {'image': 'backpos (1)_variant_1.png', 'resize': False, 'width': 512, 'height': 512, 'repeat': 1, 'keep_proportion': False, 'divisible_by': 2, 'mask_channel': 'alpha', 'background_color': ''}
2025-08-25 21:30:57,624 - INFO - Original node 439 inputs: {'image': 'closeup (1) (2).png'}
2025-08-25 21:30:57,624 - INFO - Original node 256 inputs: {'image': 'White Background_Template.png'}
2025-08-25 21:30:57,624 - INFO - Original node 110 inputs: {'image': 'Hotel Lobby.jpg'}
2025-08-25 21:30:57,624 - INFO - Original node 448 inputs: {'string': 'Generate a scene of a young European female model (23 years old) with a white skin tone, light brown hair,with ((perfectly drawn hands 1.4)),, Wearing a black fitted top, paired with a black asymmetric skirt with sheer panel detailing, and completed with no visible footwear.,  ((standing confidently in a relaxed pose in a modern, bright hotel lobby, one hand resting on her hip and the other holding a small handbag, with a composed expression 1.3)), ((bright and spacious hotel lobby with light wood paneling, polished floors, modern lighting, and contemporary furniture with minimalist décor, creating a fresh and welcoming atmosphere 1.3)), in a clean style, detailed, ((professional apparel photography 1.4)). Camera Used: Sony Alpha, Camera Angle: full-body shot, straight-on, Lighting: bright, neutral hotel lighting that illuminates the model and dress perfectly, Contrast Color, ultra photorealistic, highlighting textures and details, depth of field, crisp focus, HD quality.'}
2025-08-25 21:30:57,625 - INFO - Updated input image (454) with: 6292393310444_0002_20250825_213053_4c221ebb.jpg
2025-08-25 21:30:57,626 - INFO - Updated mask image (439) with: 6292393310444_0002_20250825_213057_532df22c.jpg
2025-08-25 21:30:57,626 - INFO - Updated background image (256) with: WhiteBackground_Template_20250825_213050_eca4fcf4.png
2025-08-25 21:30:57,626 - INFO - Updated style image (110) with: Street1_20250825_213052_792cb743.jpg
2025-08-25 21:30:57,626 - INFO - Updated prompt text in node 448: Generate a scene of a young European male model (23 years old) with a white skin tone, a toned muscu...
2025-08-25 21:30:57,626 - INFO - === UPDATED WORKFLOW DEBUG ===
2025-08-25 21:30:57,626 - INFO - Updated workflow has 87 nodes
2025-08-25 21:30:57,626 - INFO - Updated node 454 inputs: {'image': '6292393310444_0002_20250825_213053_4c221ebb.jpg', 'resize': False, 'width': 512, 'height': 512, 'repeat': 1, 'keep_proportion': False, 'divisible_by': 2, 'mask_channel': 'alpha', 'background_color': ''}
2025-08-25 21:30:57,626 - INFO - Updated node 439 inputs: {'image': '6292393310444_0002_20250825_213057_532df22c.jpg'}
2025-08-25 21:30:57,626 - INFO - Updated node 256 inputs: {'image': 'WhiteBackground_Template_20250825_213050_eca4fcf4.png'}
2025-08-25 21:30:57,626 - INFO - Updated node 110 inputs: {'image': 'Street1_20250825_213052_792cb743.jpg'}
2025-08-25 21:30:57,626 - INFO - Updated node 448 inputs: {'string': 'Generate a scene of a young European male model (23 years old) with a white skin tone, a toned muscular body, brown hair, with ((perfectly drawn hands 1.4)), Wearing a black oversized t-shirt featuring a vibrant graphic print of Rick Sanchez from the animated series "Rick and Morty," with bold colors and a stylized design on the back, paired with black relaxed-fit pants, and completed with casual sneakers. ((walking confidently along a stylish urban street, exuding effortless summer elegance and confidence 1.3)), ((modern city street with clean sidewalks, neutral-toned buildings with large glass windows, subtle architectural details, and soft natural lighting creating a balanced and professional atmosphere 1.3)), in a clean style, detailed, ((professional apparel photography 1.4)). Camera Used: Sony Alpha, Camera Angle: mid-length shot, slightly angled perspective, Lighting: soft and even, avoiding dramatic highlights or strong shadows, Contrast Color, ultra photorealistic, highlighting textures and details, crisp focus, HD quality.'}
2025-08-25 21:30:57,626 - INFO - Submitting workflow to: https://153f213342941.notebooks.jarvislabs.net/prompt
2025-08-25 21:30:57,627 - INFO - Workflow has 87 nodes
2025-08-25 21:30:57,627 - INFO - Key nodes present: ['454', '439', '256', '110', '448']
2025-08-25 21:30:57,627 - INFO - === WORKFLOW SUBMISSION DEBUG ===
2025-08-25 21:30:57,627 - INFO - Image file: 6292393310444_0002.jpg
2025-08-25 21:30:57,627 - INFO - Input node 454: 6292393310444_0002_20250825_213053_4c221ebb.jpg
2025-08-25 21:30:57,628 - INFO - Mask node 439: 6292393310444_0002_20250825_213057_532df22c.jpg
2025-08-25 21:30:57,628 - INFO - Background node 256: WhiteBackground_Template_20250825_213050_eca4fcf4.png
2025-08-25 21:30:57,628 - INFO - Style node 110: Street1_20250825_213052_792cb743.jpg
2025-08-25 21:30:57,628 - INFO - Prompt node 448: Generate a scene of a young European male model (23 years old) with a white skin tone, a toned muscular body, brown hair, with ((perfectly drawn hands 1.4)), Wearing a black oversized t-shirt featurin...
2025-08-25 21:30:57,629 - INFO - Request payload size: 16858 characters
2025-08-25 21:30:57,630 - INFO - Request payload keys: ['prompt']
2025-08-25 21:30:57,908 - INFO - === COMFYUI RESPONSE DEBUG ===
2025-08-25 21:30:57,909 - INFO - Response status code: 200
2025-08-25 21:30:57,910 - INFO - Response headers: {'Date': 'Mon, 25 Aug 2025 16:00:57 GMT', 'Content-Type': 'application/json; charset=utf-8', 'Transfer-Encoding': 'chunked', 'Connection': 'keep-alive', 'Server': 'cloudflare', 'Nel': '{"report_to":"cf-nel","success_fraction":0.0,"max_age":604800}', 'Vary': 'Accept-Encoding', 'Content-Encoding': 'gzip', 'Cf-Cache-Status': 'DYNAMIC', 'Report-To': '{"group":"cf-nel","max_age":604800,"endpoints":[{"url":"https://a.nel.cloudflare.com/report/v4?s=38uQONvgi1IdbxJauvL%2F88yq%2B%2FtB91%2BELK9q%2FYLa%2Folve4JF%2FMA8pDUoivdG8WjyJETZ9HJ1c2U4Zc35XgsP92DUuOuzRKWR8ZnK8HL2bpQZF4hitqNklor3ausOgLOlFaVXzbk%3D"}]}', 'CF-RAY': '974c4e29493e3b43-BOM'}
2025-08-25 21:30:57,910 - INFO - Response content: {"prompt_id": "49e3d943-5999-4583-8373-4c90c614a78c", "number": 6, "node_errors": {"29": {"errors": [{"type": "value_not_in_list", "message": "Value not in list", "details": "control_net_name: 'SDXL/controlnet-union-sdxl-1.0/diffusion_pytorch_model_promax.safetensors' not in (list of length 23)", "extra_info": {"input_name": "control_net_name", "input_config": null, "received_value": "SDXL/controlnet-union-sdxl-1.0/diffusion_pytorch_model_promax.safetensors"}}], "dependent_outputs": ["211", "15"], "class_type": "ControlNetLoader"}}}...
2025-08-25 21:30:57,910 - INFO - Queued prompt 49e3d943-5999-4583-8373-4c90c614a78c for 6292393310444_0002.jpg
2025-08-25 21:30:57,910 - INFO - [PROMPT SEND CHECK] Node 448 content: Generate a scene of a young European male model (23 years old) with a white skin tone, a toned muscular body, brown hair, with ((perfectly drawn hands 1.4)), Wearing a black oversized t-shirt featurin...
2025-08-25 21:30:58,088 - INFO - Processing... attempt 1/100
2025-08-25 21:31:03,285 - INFO - Processing... attempt 2/100
2025-08-25 21:31:08,446 - INFO - Processing... attempt 3/100
2025-08-25 21:31:13,576 - INFO - Processing... attempt 4/100
2025-08-25 21:31:18,845 - INFO - Processing... attempt 5/100
2025-08-25 21:31:24,090 - INFO - Processing... attempt 6/100
2025-08-25 21:31:29,345 - INFO - Processing... attempt 7/100
2025-08-25 21:31:34,551 - INFO - Processing... attempt 8/100
2025-08-25 21:31:39,735 - INFO - Processing... attempt 9/100
2025-08-25 21:31:44,956 - INFO - Processing... attempt 10/100
2025-08-25 21:31:50,200 - INFO - Processing... attempt 11/100
2025-08-25 21:31:55,322 - INFO - Processing... attempt 12/100
2025-08-25 21:32:00,495 - INFO - Processing... attempt 13/100
2025-08-25 21:32:05,813 - INFO - Processing... attempt 14/100
2025-08-25 21:32:10,932 - INFO - Processing... attempt 15/100
2025-08-25 21:32:16,413 - INFO - Processing... attempt 16/100
2025-08-25 21:32:21,560 - INFO - Processing... attempt 17/100
2025-08-25 21:32:26,710 - INFO - Processing... attempt 18/100
2025-08-25 21:32:31,904 - INFO - Processing... attempt 19/100
2025-08-25 21:32:37,034 - INFO - Processing... attempt 20/100
2025-08-25 21:32:42,200 - INFO - Processing... attempt 21/100
2025-08-25 21:32:47,454 - INFO - Processing... attempt 22/100
2025-08-25 21:32:52,636 - INFO - Processing... attempt 23/100
2025-08-25 21:32:57,836 - INFO - Processing... attempt 24/100
2025-08-25 21:33:03,078 - INFO - Processing... attempt 25/100
2025-08-25 21:33:08,200 - INFO - Processing... attempt 26/100
2025-08-25 21:33:13,384 - INFO - Processing... attempt 27/100
2025-08-25 21:33:18,485 - INFO - Processing... attempt 28/100
2025-08-25 21:33:23,667 - INFO - Processing... attempt 29/100
2025-08-25 21:33:28,925 - INFO - Processing... attempt 30/100
2025-08-25 21:33:34,101 - INFO - Processing... attempt 31/100
2025-08-25 21:33:39,349 - INFO - Processing... attempt 32/100
2025-08-25 21:33:44,603 - INFO - Processing... attempt 33/100
2025-08-25 21:33:50,022 - INFO - Processing... attempt 34/100
2025-08-25 21:33:55,214 - INFO - Processing... attempt 35/100
2025-08-25 21:34:00,395 - INFO - Processing... attempt 36/100
2025-08-25 21:34:05,632 - INFO - Processing... attempt 37/100
2025-08-25 21:34:11,086 - INFO - Processing... attempt 38/100
2025-08-25 21:34:16,312 - INFO - Processing... attempt 39/100
2025-08-25 21:34:21,722 - INFO - Processing... attempt 40/100
2025-08-25 21:34:26,850 - INFO - Processing... attempt 41/100
2025-08-25 21:34:33,779 - INFO - Processing... attempt 42/100
2025-08-25 21:34:39,022 - INFO - Processing... attempt 43/100
2025-08-25 21:34:44,139 - INFO - Processing... attempt 44/100
2025-08-25 21:34:49,310 - INFO - Processing... attempt 45/100
2025-08-25 21:34:54,429 - INFO - Processing... attempt 46/100
2025-08-25 21:34:59,622 - INFO - Processing... attempt 47/100
2025-08-25 21:35:04,837 - INFO - Processing... attempt 48/100
2025-08-25 21:35:10,071 - INFO - Processing... attempt 49/100
2025-08-25 21:35:15,286 - INFO - Processing... attempt 50/100
2025-08-25 21:35:20,556 - INFO - Processing... attempt 51/100
2025-08-25 21:35:25,821 - INFO - Processing... attempt 52/100
2025-08-25 21:35:31,074 - INFO - Processing... attempt 53/100
2025-08-25 21:35:36,275 - INFO - Processing... attempt 54/100
2025-08-25 21:35:41,634 - INFO - Processing... attempt 55/100
2025-08-25 21:35:46,787 - INFO - Processing... attempt 56/100
2025-08-25 21:35:51,988 - INFO - Processing... attempt 57/100
2025-08-25 21:35:57,192 - INFO - Processing... attempt 58/100
2025-08-25 21:36:02,394 - INFO - Processing... attempt 59/100
2025-08-25 21:36:07,500 - INFO - Processing... attempt 60/100
2025-08-25 21:36:12,604 - INFO - Processing... attempt 61/100
2025-08-25 21:36:17,768 - INFO - Processing... attempt 62/100
2025-08-25 21:36:22,999 - INFO - Processing... attempt 63/100
2025-08-25 21:36:28,173 - INFO - Processing... attempt 64/100
2025-08-25 21:36:33,418 - INFO - Processing... attempt 65/100
2025-08-25 21:36:38,686 - INFO - Processing... attempt 66/100
2025-08-25 21:36:43,949 - INFO - Processing... attempt 67/100
2025-08-25 21:36:49,202 - INFO - Processing... attempt 68/100
2025-08-25 21:36:54,444 - INFO - Processing... attempt 69/100
2025-08-25 21:36:59,658 - INFO - Processing... attempt 70/100
2025-08-25 21:37:04,940 - INFO - Processing... attempt 71/100
2025-08-25 21:37:10,176 - INFO - Processing... attempt 72/100
2025-08-25 21:37:15,350 - INFO - Processing... attempt 73/100
2025-08-25 21:37:20,606 - INFO - Processing... attempt 74/100
2025-08-25 21:37:25,819 - INFO - Processing... attempt 75/100
2025-08-25 21:37:31,098 - INFO - Processing... attempt 76/100
2025-08-25 21:37:36,344 - INFO - Processing... attempt 77/100
2025-08-25 21:37:41,548 - INFO - Processing... attempt 78/100
2025-08-25 21:37:46,719 - INFO - Processing... attempt 79/100
2025-08-25 21:37:51,827 - INFO - Processing... attempt 80/100
2025-08-25 21:37:57,013 - INFO - Processing... attempt 81/100
2025-08-25 21:38:02,169 - INFO - Processing... attempt 82/100
2025-08-25 21:38:07,293 - INFO - Processing... attempt 83/100
2025-08-25 21:38:12,500 - INFO - Processing... attempt 84/100
2025-08-25 21:38:17,737 - INFO - Processing... attempt 85/100
2025-08-25 21:38:22,945 - INFO - Processing... attempt 86/100
2025-08-25 21:38:28,146 - INFO - Processing... attempt 87/100
2025-08-25 21:38:33,381 - INFO - Processing... attempt 88/100
2025-08-25 21:38:38,622 - INFO - Processing... attempt 89/100
2025-08-25 21:38:43,867 - INFO - Processing... attempt 90/100
2025-08-25 21:38:49,110 - INFO - Processing... attempt 91/100
2025-08-25 21:38:54,233 - INFO - Processing... attempt 92/100
2025-08-25 21:38:59,380 - INFO - Processing... attempt 93/100
2025-08-25 21:39:04,565 - INFO - Processing... attempt 94/100
2025-08-25 21:39:09,735 - INFO - Processing... attempt 95/100
2025-08-25 21:39:14,896 - INFO - Processing... attempt 96/100
2025-08-25 21:39:20,091 - ERROR - Timeout after 502.2 seconds
2025-08-25 21:39:20,091 - ERROR - Failed to process 6292393310444_0002.jpg
2025-08-25 21:39:21,096 - INFO - Processing completed successfully!
2025-08-25 21:39:21,096 - INFO - Total products processed: 1
2025-08-25 21:39:21,096 - INFO - Successful images: 0
2025-08-25 21:39:21,096 - INFO - Failed images: 1
2025-08-25 21:39:21,096 - ERROR - Fatal error during processing: No images were successfully processed
2025-08-25 21:39:21,096 - ERROR - Image processing failed: No images were successfully processed
2025-08-25 21:39:21,106 - INFO - Temporary directory cleaned up
2025-08-25 21:39:21,106 - ERROR - Unexpected error in process_images endpoint: 
2025-08-25 21:39:21,106 - ERROR - Error type: HTTPException
2025-08-25 21:39:21,117 - ERROR - Traceback: Traceback (most recent call last):
  File "/Users/apple/Desktop/Automation Dashboard API/Final Workflow n8n Working/api.py", line 837, in process_images
    process_images_api(
  File "/Users/apple/Desktop/Automation Dashboard API/Final Workflow n8n Working/api.py", line 712, in process_images_api
    raise Exception("No images were successfully processed")
Exception: No images were successfully processed

During handling of the above exception, another exception occurred:

Traceback (most recent call last):
  File "/Users/apple/Desktop/Automation Dashboard API/Final Workflow n8n Working/api.py", line 849, in process_images
    raise HTTPException(status_code=500, detail=f"Image processing failed: {str(e)}")
fastapi.exceptions.HTTPException

