2025-08-23 22:36:18,455 - INFO - API startup successful - all required files found
2025-08-23 22:36:32,230 - INFO - === NEW REQUEST RECEIVED ===
2025-08-23 22:36:32,231 - INFO - comfyui_url: https://0b19323147381.notebooks.jarvislabs.net/
2025-08-23 22:36:32,231 - INFO - images_zip filename: input_images copy.zip
2025-08-23 22:36:32,231 - INFO - masks_zip filename: masks copy.zip
2025-08-23 22:36:32,231 - INFO - prompts_json filename: Prompts copy.json
2025-08-23 22:36:32,231 - INFO - Creating temporary directories...
2025-08-23 22:36:32,232 - INFO - Temp dir: /var/folders/c1/ldxrmn552j738t4qrsd_czr40000gn/T/tmp13cual7x
2025-08-23 22:36:32,232 - INFO - Input dir: /var/folders/c1/ldxrmn552j738t4qrsd_czr40000gn/T/tmp13cual7x/input_images
2025-08-23 22:36:32,232 - INFO - Masks dir: /var/folders/c1/ldxrmn552j738t4qrsd_czr40000gn/T/tmp13cual7x/masks
2025-08-23 22:36:32,232 - INFO - Output dir: /var/folders/c1/ldxrmn552j738t4qrsd_czr40000gn/T/tmp13cual7x/output
2025-08-23 22:36:32,232 - INFO - Temporary directories created successfully
2025-08-23 22:36:32,232 - INFO - Starting ZIP extraction...
2025-08-23 22:36:32,232 - INFO - Attempting to extract images ZIP: input_images copy.zip
2025-08-23 22:36:32,232 - INFO - === ZIP EXTRACTION START ===
2025-08-23 22:36:32,232 - INFO - Filename: input_images copy.zip
2025-08-23 22:36:32,232 - INFO - Content type: application/zip
2025-08-23 22:36:32,232 - INFO - File size: 9540777
2025-08-23 22:36:32,232 - INFO - Reading file content...
2025-08-23 22:36:32,234 - INFO - Content read successfully. Size: 9540777 bytes
2025-08-23 22:36:32,234 - INFO - Creating BytesIO object...
2025-08-23 22:36:32,234 - INFO - BytesIO object created successfully
2025-08-23 22:36:32,234 - INFO - Validating ZIP format...
2025-08-23 22:36:32,234 - INFO - ZIP format validation passed
2025-08-23 22:36:32,234 - INFO - File pointer reset to beginning
2025-08-23 22:36:32,234 - INFO - Opening ZIP file...
2025-08-23 22:36:32,235 - INFO - ZIP file opened. Number of files: 10
2025-08-23 22:36:32,235 - INFO - ZIP file list: ['input_images copy/', '__MACOSX/._input_images copy', 'input_images copy/.DS_Store', '__MACOSX/input_images copy/._.DS_Store', 'input_images copy/6292393310444/', '__MACOSX/input_images copy/._6292393310444', 'input_images copy/6292393310444/6292393310444_0002.jpg', '__MACOSX/input_images copy/6292393310444/._6292393310444_0002.jpg', 'input_images copy/6292393310444/closeup(1).jpg', '__MACOSX/input_images copy/6292393310444/._closeup(1).jpg']...
2025-08-23 22:36:32,235 - INFO - Testing ZIP integrity...
2025-08-23 22:36:32,250 - INFO - ZIP integrity test passed
2025-08-23 22:36:32,250 - INFO - Extracting to: /var/folders/c1/ldxrmn552j738t4qrsd_czr40000gn/T/tmp13cual7x/input_images
2025-08-23 22:36:32,275 - INFO - Successfully extracted input_images copy.zip to /var/folders/c1/ldxrmn552j738t4qrsd_czr40000gn/T/tmp13cual7x/input_images
2025-08-23 22:36:32,275 - INFO - Extracted files: ['input_images copy', '__MACOSX']
2025-08-23 22:36:32,276 - INFO - === ZIP EXTRACTION COMPLETED SUCCESSFULLY ===
2025-08-23 22:36:32,276 - INFO - Images ZIP extracted successfully to: /var/folders/c1/ldxrmn552j738t4qrsd_czr40000gn/T/tmp13cual7x/input_images
2025-08-23 22:36:32,276 - INFO - Attempting to extract masks ZIP: masks copy.zip
2025-08-23 22:36:32,276 - INFO - === ZIP EXTRACTION START ===
2025-08-23 22:36:32,276 - INFO - Filename: masks copy.zip
2025-08-23 22:36:32,276 - INFO - Content type: application/zip
2025-08-23 22:36:32,276 - INFO - File size: 179063
2025-08-23 22:36:32,276 - INFO - Reading file content...
2025-08-23 22:36:32,276 - INFO - Content read successfully. Size: 179063 bytes
2025-08-23 22:36:32,276 - INFO - Creating BytesIO object...
2025-08-23 22:36:32,276 - INFO - BytesIO object created successfully
2025-08-23 22:36:32,276 - INFO - Validating ZIP format...
2025-08-23 22:36:32,276 - INFO - ZIP format validation passed
2025-08-23 22:36:32,276 - INFO - File pointer reset to beginning
2025-08-23 22:36:32,276 - INFO - Opening ZIP file...
2025-08-23 22:36:32,276 - INFO - ZIP file opened. Number of files: 10
2025-08-23 22:36:32,276 - INFO - ZIP file list: ['masks copy/', '__MACOSX/._masks copy', 'masks copy/.DS_Store', '__MACOSX/masks copy/._.DS_Store', 'masks copy/6292393310444/', '__MACOSX/masks copy/._6292393310444', 'masks copy/6292393310444/6292393310444_0002.jpg', '__MACOSX/masks copy/6292393310444/._6292393310444_0002.jpg', 'masks copy/6292393310444/closeup(1).jpg', '__MACOSX/masks copy/6292393310444/._closeup(1).jpg']...
2025-08-23 22:36:32,277 - INFO - Testing ZIP integrity...
2025-08-23 22:36:32,278 - INFO - ZIP integrity test passed
2025-08-23 22:36:32,278 - INFO - Extracting to: /var/folders/c1/ldxrmn552j738t4qrsd_czr40000gn/T/tmp13cual7x/masks
2025-08-23 22:36:32,281 - INFO - Successfully extracted masks copy.zip to /var/folders/c1/ldxrmn552j738t4qrsd_czr40000gn/T/tmp13cual7x/masks
2025-08-23 22:36:32,281 - INFO - Extracted files: ['masks copy', '__MACOSX']
2025-08-23 22:36:32,281 - INFO - === ZIP EXTRACTION COMPLETED SUCCESSFULLY ===
2025-08-23 22:36:32,281 - INFO - Masks ZIP extracted successfully to: /var/folders/c1/ldxrmn552j738t4qrsd_czr40000gn/T/tmp13cual7x/masks
2025-08-23 22:36:32,281 - INFO - Reading and validating prompts JSON...
2025-08-23 22:36:32,282 - INFO - Prompts JSON content length: 1189 bytes
2025-08-23 22:36:32,282 - INFO - Prompts JSON parsed successfully. Number of products: 1
2025-08-23 22:36:32,282 - INFO - Product IDs: ['6292393310444']
2025-08-23 22:36:32,282 - INFO - Loading workflow configuration...
2025-08-23 22:36:32,282 - INFO - Workflow configuration loaded successfully
2025-08-23 22:36:32,282 - INFO - Starting synchronous image processing...
2025-08-23 22:36:32,283 - INFO - ComfyUI URL: https://0b19323147381.notebooks.jarvislabs.net/
2025-08-23 22:36:32,283 - INFO - Input directory contents: ['input_images copy', '__MACOSX']
2025-08-23 22:36:32,283 - INFO - Masks directory contents: ['masks copy', '__MACOSX']
2025-08-23 22:36:32,283 - INFO - Starting image processing - this will wait for ComfyUI to complete ALL images...
2025-08-23 22:36:32,283 - INFO - Starting to process images...
2025-08-23 22:36:32,283 - INFO - Attempting to upload background image to ComfyUI server: https://0b19323147381.notebooks.jarvislabs.net/
2025-08-23 22:36:32,623 - WARNING - Upload attempt 1 failed for WhiteBackground_Template.png: 502 Server Error: Bad Gateway for url: https://0b19323147381.notebooks.jarvislabs.net//upload/image
2025-08-23 22:36:34,958 - INFO - Uploaded WhiteBackground_Template.png as WhiteBackground_Template_20250823_223634_3a799ba9.png
2025-08-23 22:36:34,962 - INFO - Found 1 unique style images referenced in prompts.json
2025-08-23 22:36:34,962 - INFO - Required style images: Urban street
2025-08-23 22:36:34,964 - INFO - Found matching files for all 1 required style images
2025-08-23 22:36:34,964 - INFO - Uploading required style image: Urban street.jpg -> Urban street
2025-08-23 22:36:35,190 - INFO - Uploaded Urban street.jpg as Urban street_20250823_223634_96e7112f.jpg
2025-08-23 22:36:35,192 - INFO - Successfully uploaded style image for 'Urban street'
2025-08-23 22:36:35,193 - INFO - Successfully uploaded all 1 required style images
2025-08-23 22:36:35,193 - INFO - Processing product ID: 6292393310444
2025-08-23 22:36:35,193 - INFO - Processing product 6292393310444 (1/1) - Progress: 100%
2025-08-23 22:36:35,193 - INFO - Looking for style image: Urban street
2025-08-23 22:36:35,194 - INFO - Found input dir: /var/folders/c1/ldxrmn552j738t4qrsd_czr40000gn/T/tmp13cual7x/input_images/input_images copy/6292393310444
2025-08-23 22:36:35,194 - INFO - Found mask dir: /var/folders/c1/ldxrmn552j738t4qrsd_czr40000gn/T/tmp13cual7x/masks/masks copy/6292393310444
2025-08-23 22:36:35,194 - INFO - Created output dir: /var/folders/c1/ldxrmn552j738t4qrsd_czr40000gn/T/tmp13cual7x/output/6292393310444
2025-08-23 22:36:35,654 - INFO - Uploaded 6292393310444_0002.jpg as 6292393310444_0002_20250823_223635_bd54808f.jpg
2025-08-23 22:36:35,806 - INFO - Uploaded 6292393310444_0002.jpg as 6292393310444_0002_20250823_223635_dd1301f7.jpg
2025-08-23 22:36:35,807 - INFO - Updated input image (454) with: 6292393310444_0002_20250823_223635_bd54808f.jpg
2025-08-23 22:36:35,807 - INFO - Updated mask image (439) with: 6292393310444_0002_20250823_223635_dd1301f7.jpg
2025-08-23 22:36:35,807 - INFO - Updated background image (256) with: WhiteBackground_Template_20250823_223634_3a799ba9.png
2025-08-23 22:36:35,808 - INFO - Updated style image (110) with: Urban street_20250823_223634_96e7112f.jpg
2025-08-23 22:36:35,808 - INFO - Updated prompt text in node 448: Generate a scene of a young European male model (23 years old) with a white skin tone, a toned muscu...
2025-08-23 22:36:35,877 - ERROR - Error processing 6292393310444_0002.jpg: 400 Client Error: Bad Request for url: https://0b19323147381.notebooks.jarvislabs.net//prompt
2025-08-23 22:36:37,535 - INFO - Uploaded closeup(1).jpg as closeup(1)_20250823_223636_1d04cae3.jpg
2025-08-23 22:36:37,680 - INFO - Uploaded closeup(1).jpg as closeup(1)_20250823_223637_92cca366.jpg
2025-08-23 22:36:37,684 - INFO - Updated input image (454) with: closeup(1)_20250823_223636_1d04cae3.jpg
2025-08-23 22:36:37,684 - INFO - Updated mask image (439) with: closeup(1)_20250823_223637_92cca366.jpg
2025-08-23 22:36:37,684 - INFO - Updated background image (256) with: WhiteBackground_Template_20250823_223634_3a799ba9.png
2025-08-23 22:36:37,684 - INFO - Updated style image (110) with: Urban street_20250823_223634_96e7112f.jpg
2025-08-23 22:36:37,684 - INFO - Updated prompt text in node 448: Generate a scene of a young European male model (23 years old) with a white skin tone, a toned muscu...
2025-08-23 22:36:37,788 - ERROR - Error processing closeup(1).jpg: 400 Client Error: Bad Request for url: https://0b19323147381.notebooks.jarvislabs.net//prompt
2025-08-23 22:36:38,793 - INFO - Processing completed successfully!
2025-08-23 22:36:38,794 - INFO - Total products processed: 1
2025-08-23 22:36:38,795 - INFO - Successful images: 0
2025-08-23 22:36:38,796 - INFO - Failed images: 2
2025-08-23 22:36:38,796 - ERROR - Fatal error during processing: No images were successfully processed
2025-08-23 22:36:38,796 - ERROR - Image processing failed: No images were successfully processed
2025-08-23 22:36:38,804 - INFO - Temporary directory cleaned up
2025-08-23 22:36:38,805 - ERROR - Unexpected error in process_images endpoint: 
2025-08-23 22:36:38,805 - ERROR - Error type: HTTPException
2025-08-23 22:36:38,805 - ERROR - Traceback: Traceback (most recent call last):
  File "/Users/apple/Desktop/Final Workflow n8n/api.py", line 704, in process_images
    process_images_api(
  File "/Users/apple/Desktop/Final Workflow n8n/api.py", line 609, in process_images_api
    raise Exception("No images were successfully processed")
Exception: No images were successfully processed

During handling of the above exception, another exception occurred:

Traceback (most recent call last):
  File "/Users/apple/Desktop/Final Workflow n8n/api.py", line 716, in process_images
    raise HTTPException(status_code=500, detail=f"Image processing failed: {str(e)}")
fastapi.exceptions.HTTPException

