2025-08-23 23:12:56,305 - INFO - API startup successful - all required files found
2025-08-23 23:13:10,877 - INFO - === NEW REQUEST RECEIVED ===
2025-08-23 23:13:10,878 - INFO - comfyui_url: https://0b19323147381.notebooks.jarvislabs.net/
2025-08-23 23:13:10,878 - INFO - images_zip filename: input_images copy.zip
2025-08-23 23:13:10,878 - INFO - masks_zip filename: masks copy.zip
2025-08-23 23:13:10,878 - INFO - prompts_json filename: Prompts copy.json
2025-08-23 23:13:10,879 - INFO - Creating temporary directories...
2025-08-23 23:13:10,879 - INFO - Temp dir: /var/folders/c1/ldxrmn552j738t4qrsd_czr40000gn/T/tmpb0nlf97s
2025-08-23 23:13:10,879 - INFO - Input dir: /var/folders/c1/ldxrmn552j738t4qrsd_czr40000gn/T/tmpb0nlf97s/input_images
2025-08-23 23:13:10,879 - INFO - Masks dir: /var/folders/c1/ldxrmn552j738t4qrsd_czr40000gn/T/tmpb0nlf97s/masks
2025-08-23 23:13:10,879 - INFO - Output dir: /var/folders/c1/ldxrmn552j738t4qrsd_czr40000gn/T/tmpb0nlf97s/output
2025-08-23 23:13:10,880 - INFO - Temporary directories created successfully
2025-08-23 23:13:10,880 - INFO - Starting ZIP extraction...
2025-08-23 23:13:10,880 - INFO - Attempting to extract images ZIP: input_images copy.zip
2025-08-23 23:13:10,880 - INFO - === ZIP EXTRACTION START ===
2025-08-23 23:13:10,881 - INFO - Filename: input_images copy.zip
2025-08-23 23:13:10,881 - INFO - Content type: application/zip
2025-08-23 23:13:10,881 - INFO - File size: 9540777
2025-08-23 23:13:10,881 - INFO - Reading file content...
2025-08-23 23:13:10,883 - INFO - Content read successfully. Size: 9540777 bytes
2025-08-23 23:13:10,884 - INFO - Creating BytesIO object...
2025-08-23 23:13:10,884 - INFO - BytesIO object created successfully
2025-08-23 23:13:10,884 - INFO - Validating ZIP format...
2025-08-23 23:13:10,885 - INFO - ZIP format validation passed
2025-08-23 23:13:10,885 - INFO - File pointer reset to beginning
2025-08-23 23:13:10,885 - INFO - Opening ZIP file...
2025-08-23 23:13:10,887 - INFO - ZIP file opened. Number of files: 10
2025-08-23 23:13:10,887 - INFO - ZIP file list: ['input_images copy/', '__MACOSX/._input_images copy', 'input_images copy/.DS_Store', '__MACOSX/input_images copy/._.DS_Store', 'input_images copy/6292393310444/', '__MACOSX/input_images copy/._6292393310444', 'input_images copy/6292393310444/6292393310444_0002.jpg', '__MACOSX/input_images copy/6292393310444/._6292393310444_0002.jpg', 'input_images copy/6292393310444/closeup(1).jpg', '__MACOSX/input_images copy/6292393310444/._closeup(1).jpg']...
2025-08-23 23:13:10,887 - INFO - Testing ZIP integrity...
2025-08-23 23:13:10,902 - INFO - ZIP integrity test passed
2025-08-23 23:13:10,902 - INFO - Extracting to: /var/folders/c1/ldxrmn552j738t4qrsd_czr40000gn/T/tmpb0nlf97s/input_images
2025-08-23 23:13:10,925 - INFO - Successfully extracted input_images copy.zip to /var/folders/c1/ldxrmn552j738t4qrsd_czr40000gn/T/tmpb0nlf97s/input_images
2025-08-23 23:13:10,925 - INFO - Extracted files: ['input_images copy', '__MACOSX']
2025-08-23 23:13:10,925 - INFO - === ZIP EXTRACTION COMPLETED SUCCESSFULLY ===
2025-08-23 23:13:10,925 - INFO - Images ZIP extracted successfully to: /var/folders/c1/ldxrmn552j738t4qrsd_czr40000gn/T/tmpb0nlf97s/input_images
2025-08-23 23:13:10,925 - INFO - Attempting to extract masks ZIP: masks copy.zip
2025-08-23 23:13:10,925 - INFO - === ZIP EXTRACTION START ===
2025-08-23 23:13:10,925 - INFO - Filename: masks copy.zip
2025-08-23 23:13:10,925 - INFO - Content type: application/zip
2025-08-23 23:13:10,925 - INFO - File size: 179063
2025-08-23 23:13:10,925 - INFO - Reading file content...
2025-08-23 23:13:10,925 - INFO - Content read successfully. Size: 179063 bytes
2025-08-23 23:13:10,925 - INFO - Creating BytesIO object...
2025-08-23 23:13:10,925 - INFO - BytesIO object created successfully
2025-08-23 23:13:10,925 - INFO - Validating ZIP format...
2025-08-23 23:13:10,926 - INFO - ZIP format validation passed
2025-08-23 23:13:10,926 - INFO - File pointer reset to beginning
2025-08-23 23:13:10,926 - INFO - Opening ZIP file...
2025-08-23 23:13:10,926 - INFO - ZIP file opened. Number of files: 10
2025-08-23 23:13:10,926 - INFO - ZIP file list: ['masks copy/', '__MACOSX/._masks copy', 'masks copy/.DS_Store', '__MACOSX/masks copy/._.DS_Store', 'masks copy/6292393310444/', '__MACOSX/masks copy/._6292393310444', 'masks copy/6292393310444/6292393310444_0002.jpg', '__MACOSX/masks copy/6292393310444/._6292393310444_0002.jpg', 'masks copy/6292393310444/closeup(1).jpg', '__MACOSX/masks copy/6292393310444/._closeup(1).jpg']...
2025-08-23 23:13:10,926 - INFO - Testing ZIP integrity...
2025-08-23 23:13:10,927 - INFO - ZIP integrity test passed
2025-08-23 23:13:10,927 - INFO - Extracting to: /var/folders/c1/ldxrmn552j738t4qrsd_czr40000gn/T/tmpb0nlf97s/masks
2025-08-23 23:13:10,931 - INFO - Successfully extracted masks copy.zip to /var/folders/c1/ldxrmn552j738t4qrsd_czr40000gn/T/tmpb0nlf97s/masks
2025-08-23 23:13:10,931 - INFO - Extracted files: ['masks copy', '__MACOSX']
2025-08-23 23:13:10,931 - INFO - === ZIP EXTRACTION COMPLETED SUCCESSFULLY ===
2025-08-23 23:13:10,931 - INFO - Masks ZIP extracted successfully to: /var/folders/c1/ldxrmn552j738t4qrsd_czr40000gn/T/tmpb0nlf97s/masks
2025-08-23 23:13:10,931 - INFO - Reading and validating prompts JSON...
2025-08-23 23:13:10,931 - INFO - Prompts JSON content length: 1189 bytes
2025-08-23 23:13:10,931 - INFO - Prompts JSON parsed successfully. Number of products: 1
2025-08-23 23:13:10,931 - INFO - Product IDs: ['6292393310444']
2025-08-23 23:13:10,931 - INFO - Loading workflow configuration...
2025-08-23 23:13:10,932 - INFO - Workflow configuration loaded successfully
2025-08-23 23:13:10,932 - INFO - Starting synchronous image processing...
2025-08-23 23:13:10,932 - INFO - ComfyUI URL: https://0b19323147381.notebooks.jarvislabs.net/
2025-08-23 23:13:10,932 - INFO - Input directory contents: ['input_images copy', '__MACOSX']
2025-08-23 23:13:10,932 - INFO - Masks directory contents: ['masks copy', '__MACOSX']
2025-08-23 23:13:10,932 - INFO - Starting image processing - this will wait for ComfyUI to complete ALL images...
2025-08-23 23:13:10,932 - INFO - Starting to process images...
2025-08-23 23:13:10,932 - INFO - Attempting to upload background image to ComfyUI server: https://0b19323147381.notebooks.jarvislabs.net/
2025-08-23 23:13:11,249 - INFO - Uploaded WhiteBackground_Template.png as WhiteBackground_Template_20250823_231310_4de94201.png (Content-Type: image/png)
2025-08-23 23:13:11,253 - INFO - Found 1 unique style images referenced in prompts.json
2025-08-23 23:13:11,253 - INFO - Required style images: Urban street
2025-08-23 23:13:11,255 - INFO - Found matching files for all 1 required style images
2025-08-23 23:13:11,256 - INFO - Uploading required style image: Urban street.jpg -> Urban street
2025-08-23 23:13:11,487 - INFO - Uploaded Urban street.jpg as Urban street_20250823_231311_82361249.jpg (Content-Type: image/jpeg)
2025-08-23 23:13:11,490 - INFO - Successfully uploaded style image for 'Urban street'
2025-08-23 23:13:11,490 - INFO - Successfully uploaded all 1 required style images
2025-08-23 23:13:11,490 - INFO - Processing product ID: 6292393310444
2025-08-23 23:13:11,490 - INFO - Processing product 6292393310444 (1/1) - Progress: 100%
2025-08-23 23:13:11,490 - INFO - Looking for style image: Urban street
2025-08-23 23:13:11,491 - INFO - Found input dir: /var/folders/c1/ldxrmn552j738t4qrsd_czr40000gn/T/tmpb0nlf97s/input_images/input_images copy/6292393310444
2025-08-23 23:13:11,491 - INFO - Found mask dir: /var/folders/c1/ldxrmn552j738t4qrsd_czr40000gn/T/tmpb0nlf97s/masks/masks copy/6292393310444
2025-08-23 23:13:11,492 - INFO - Created output dir: /var/folders/c1/ldxrmn552j738t4qrsd_czr40000gn/T/tmpb0nlf97s/output/6292393310444
2025-08-23 23:13:11,944 - INFO - Uploaded 6292393310444_0002.jpg as 6292393310444_0002_20250823_231311_8e4f8289.jpg (Content-Type: image/jpeg)
2025-08-23 23:13:12,021 - INFO - Uploaded 6292393310444_0002.jpg as 6292393310444_0002_20250823_231311_5b5f0266.jpg (Content-Type: image/jpeg)
2025-08-23 23:13:12,022 - INFO - === ORIGINAL WORKFLOW DEBUG ===
2025-08-23 23:13:12,022 - INFO - Original workflow has 87 nodes
2025-08-23 23:13:12,022 - INFO - Original node 454 inputs: {'image': 'backpos (1)_variant_1.png', 'resize': False, 'width': 512, 'height': 512, 'repeat': 1, 'keep_proportion': False, 'divisible_by': 2, 'mask_channel': 'alpha', 'background_color': ''}
2025-08-23 23:13:12,022 - INFO - Original node 439 inputs: {'image': 'closeup (1) (2).png'}
2025-08-23 23:13:12,022 - INFO - Original node 256 inputs: {'image': 'White Background_Template.png'}
2025-08-23 23:13:12,022 - INFO - Original node 110 inputs: {'image': 'Hotel Lobby.jpg'}
2025-08-23 23:13:12,022 - INFO - Original node 448 inputs: {'string': 'Generate a scene of a young European female model (23 years old) with a white skin tone, light brown hair,with ((perfectly drawn hands 1.4)),, Wearing a black fitted top, paired with a black asymmetric skirt with sheer panel detailing, and completed with no visible footwear.,  ((standing confidently in a relaxed pose in a modern, bright hotel lobby, one hand resting on her hip and the other holding a small handbag, with a composed expression 1.3)), ((bright and spacious hotel lobby with light wood paneling, polished floors, modern lighting, and contemporary furniture with minimalist décor, creating a fresh and welcoming atmosphere 1.3)), in a clean style, detailed, ((professional apparel photography 1.4)). Camera Used: Sony Alpha, Camera Angle: full-body shot, straight-on, Lighting: bright, neutral hotel lighting that illuminates the model and dress perfectly, Contrast Color, ultra photorealistic, highlighting textures and details, depth of field, crisp focus, HD quality.'}
2025-08-23 23:13:12,023 - INFO - Updated input image (454) with: 6292393310444_0002_20250823_231311_8e4f8289.jpg
2025-08-23 23:13:12,023 - INFO - Updated mask image (439) with: 6292393310444_0002_20250823_231311_5b5f0266.jpg
2025-08-23 23:13:12,023 - INFO - Updated background image (256) with: WhiteBackground_Template_20250823_231310_4de94201.png
2025-08-23 23:13:12,023 - INFO - Updated style image (110) with: Urban street_20250823_231311_82361249.jpg
2025-08-23 23:13:12,023 - INFO - Updated prompt text in node 448: Generate a scene of a young European male model (23 years old) with a white skin tone, a toned muscu...
2025-08-23 23:13:12,023 - INFO - === UPDATED WORKFLOW DEBUG ===
2025-08-23 23:13:12,024 - INFO - Updated workflow has 87 nodes
2025-08-23 23:13:12,024 - INFO - Updated node 454 inputs: {'image': '6292393310444_0002_20250823_231311_8e4f8289.jpg', 'resize': False, 'width': 512, 'height': 512, 'repeat': 1, 'keep_proportion': False, 'divisible_by': 2, 'mask_channel': 'alpha', 'background_color': ''}
2025-08-23 23:13:12,024 - INFO - Updated node 439 inputs: {'image': '6292393310444_0002_20250823_231311_5b5f0266.jpg'}
2025-08-23 23:13:12,024 - INFO - Updated node 256 inputs: {'image': 'WhiteBackground_Template_20250823_231310_4de94201.png'}
2025-08-23 23:13:12,024 - INFO - Updated node 110 inputs: {'image': 'Urban street_20250823_231311_82361249.jpg'}
2025-08-23 23:13:12,024 - INFO - Updated node 448 inputs: {'string': 'Generate a scene of a young European male model (23 years old) with a white skin tone, a toned muscular body, brown hair, with ((perfectly drawn hands 1.4)), Wearing a black relaxed-fit t-shirt with a multi-colored graphic logo on the chest, paired with black loose-fit trousers with a minimalistic design, and completed with white chunky sneakers.  ((walking confidently on a city sidewalk)), ((modern urban street setting with textured walls, light stone pavement, and subtle background elements like a bicycle and warm sunlight 1.3)), in a clean style, detailed, ((professional apparel photography 1.4)). Camera Used: Sony Alpha, Camera Angle: half-body pose, Lighting: soft natural daylight with gentle contrast, ultra photorealistic, highlighting textures and details, crisp focus, HD quality.'}
2025-08-23 23:13:12,024 - INFO - Submitting workflow to: https://0b19323147381.notebooks.jarvislabs.net/prompt
2025-08-23 23:13:12,024 - INFO - Workflow has 87 nodes
2025-08-23 23:13:12,024 - INFO - Key nodes present: ['454', '439', '256', '110', '448']
2025-08-23 23:13:12,024 - INFO - === WORKFLOW SUBMISSION DEBUG ===
2025-08-23 23:13:12,024 - INFO - Image file: 6292393310444_0002.jpg
2025-08-23 23:13:12,024 - INFO - Input node 454: 6292393310444_0002_20250823_231311_8e4f8289.jpg
2025-08-23 23:13:12,024 - INFO - Mask node 439: 6292393310444_0002_20250823_231311_5b5f0266.jpg
2025-08-23 23:13:12,025 - INFO - Background node 256: WhiteBackground_Template_20250823_231310_4de94201.png
2025-08-23 23:13:12,025 - INFO - Style node 110: Urban street_20250823_231311_82361249.jpg
2025-08-23 23:13:12,025 - INFO - Prompt node 448: Generate a scene of a young European male model (23 years old) with a white skin tone, a toned muscular body, brown hair, with ((perfectly drawn hands 1.4)), Wearing a black relaxed-fit t-shirt with a...
2025-08-23 23:13:12,025 - INFO - Request payload size: 16613 characters
2025-08-23 23:13:12,025 - INFO - Request payload keys: ['prompt']
2025-08-23 23:13:13,251 - INFO - === COMFYUI RESPONSE DEBUG ===
2025-08-23 23:13:13,251 - INFO - Response status code: 200
2025-08-23 23:13:13,251 - INFO - Response headers: {'Date': 'Sat, 23 Aug 2025 17:43:13 GMT', 'Content-Type': 'application/json; charset=utf-8', 'Transfer-Encoding': 'chunked', 'Connection': 'keep-alive', 'Server': 'cloudflare', 'Nel': '{"report_to":"cf-nel","success_fraction":0.0,"max_age":604800}', 'Cf-Cache-Status': 'DYNAMIC', 'Report-To': '{"group":"cf-nel","max_age":604800,"endpoints":[{"url":"https://a.nel.cloudflare.com/report/v4?s=rSmktHYSnf0RCu83Axlvit1Nqewe7jjYXJB%2FG3%2FvMhu67y8%2B6m5QKvLUGuykNScap5XXgtPkjyuB2VhsKbVlKWaFMS%2FxQJMiYQQYKs%2FygpOru4KJuADF0BFU8%2FTS%2B1fW8CO%2FnoTJWEH3v4IzxiHgges%3D"}]}', 'Content-Encoding': 'gzip', 'CF-RAY': '973c692c7a6c3c13-BLR'}
2025-08-23 23:13:13,251 - INFO - Response content: {"prompt_id": "f4648a42-5fb2-4d1b-9b33-41722075e505", "number": 2, "node_errors": {}}...
2025-08-23 23:13:13,252 - INFO - Queued prompt f4648a42-5fb2-4d1b-9b33-41722075e505 for 6292393310444_0002.jpg
2025-08-23 23:13:13,252 - INFO - [PROMPT SEND CHECK] Node 448 content: Generate a scene of a young European male model (23 years old) with a white skin tone, a toned muscular body, brown hair, with ((perfectly drawn hands 1.4)), Wearing a black relaxed-fit t-shirt with a...
2025-08-23 23:13:13,329 - INFO - Processing... attempt 1/100
2025-08-23 23:13:18,405 - INFO - Processing... attempt 2/100
2025-08-23 23:13:23,483 - INFO - Processing... attempt 3/100
2025-08-23 23:13:28,537 - INFO - Processing... attempt 4/100
2025-08-23 23:13:33,614 - INFO - Processing... attempt 5/100
2025-08-23 23:13:38,694 - INFO - Processing... attempt 6/100
2025-08-23 23:13:43,810 - INFO - Processing... attempt 7/100
2025-08-23 23:13:48,917 - INFO - Processing... attempt 8/100
2025-08-23 23:13:53,991 - INFO - Processing... attempt 9/100
2025-08-23 23:13:59,069 - INFO - Processing... attempt 10/100
2025-08-23 23:14:04,155 - INFO - Processing... attempt 11/100
2025-08-23 23:14:09,226 - INFO - Processing... attempt 12/100
2025-08-23 23:14:14,319 - INFO - Processing... attempt 13/100
2025-08-23 23:14:19,408 - INFO - Processing completed after 14 attempts
2025-08-23 23:14:20,002 - INFO - Saved: /var/folders/c1/ldxrmn552j738t4qrsd_czr40000gn/T/tmpb0nlf97s/output/6292393310444/6292393310444_0002_variant_1.jpg
2025-08-23 23:14:20,004 - INFO - Saved: /var/folders/c1/ldxrmn552j738t4qrsd_czr40000gn/T/tmpb0nlf97s/output/6292393310444/6292393310444_0002_variant_2.jpg
2025-08-23 23:14:20,005 - INFO - Saved: /var/folders/c1/ldxrmn552j738t4qrsd_czr40000gn/T/tmpb0nlf97s/output/6292393310444/6292393310444_0002_variant_3.jpg
2025-08-23 23:14:20,077 - INFO - Successfully processed 6292393310444_0002.jpg
2025-08-23 23:14:21,677 - INFO - Uploaded closeup(1).jpg as closeup(1)_20250823_231421_f1509455.jpg (Content-Type: image/jpeg)
2025-08-23 23:14:21,762 - INFO - Uploaded closeup(1).jpg as closeup(1)_20250823_231421_8bf36482.jpg (Content-Type: image/jpeg)
2025-08-23 23:14:21,764 - INFO - === ORIGINAL WORKFLOW DEBUG ===
2025-08-23 23:14:21,764 - INFO - Original workflow has 87 nodes
2025-08-23 23:14:21,764 - INFO - Original node 454 inputs: {'image': 'backpos (1)_variant_1.png', 'resize': False, 'width': 512, 'height': 512, 'repeat': 1, 'keep_proportion': False, 'divisible_by': 2, 'mask_channel': 'alpha', 'background_color': ''}
2025-08-23 23:14:21,764 - INFO - Original node 439 inputs: {'image': 'closeup (1) (2).png'}
2025-08-23 23:14:21,764 - INFO - Original node 256 inputs: {'image': 'White Background_Template.png'}
2025-08-23 23:14:21,764 - INFO - Original node 110 inputs: {'image': 'Hotel Lobby.jpg'}
2025-08-23 23:14:21,764 - INFO - Original node 448 inputs: {'string': 'Generate a scene of a young European female model (23 years old) with a white skin tone, light brown hair,with ((perfectly drawn hands 1.4)),, Wearing a black fitted top, paired with a black asymmetric skirt with sheer panel detailing, and completed with no visible footwear.,  ((standing confidently in a relaxed pose in a modern, bright hotel lobby, one hand resting on her hip and the other holding a small handbag, with a composed expression 1.3)), ((bright and spacious hotel lobby with light wood paneling, polished floors, modern lighting, and contemporary furniture with minimalist décor, creating a fresh and welcoming atmosphere 1.3)), in a clean style, detailed, ((professional apparel photography 1.4)). Camera Used: Sony Alpha, Camera Angle: full-body shot, straight-on, Lighting: bright, neutral hotel lighting that illuminates the model and dress perfectly, Contrast Color, ultra photorealistic, highlighting textures and details, depth of field, crisp focus, HD quality.'}
2025-08-23 23:14:21,765 - INFO - Updated input image (454) with: closeup(1)_20250823_231421_f1509455.jpg
2025-08-23 23:14:21,765 - INFO - Updated mask image (439) with: closeup(1)_20250823_231421_8bf36482.jpg
2025-08-23 23:14:21,765 - INFO - Updated background image (256) with: WhiteBackground_Template_20250823_231310_4de94201.png
2025-08-23 23:14:21,766 - INFO - Updated style image (110) with: Urban street_20250823_231311_82361249.jpg
2025-08-23 23:14:21,766 - INFO - Updated prompt text in node 448: Generate a scene of a young European male model (23 years old) with a white skin tone, a toned muscu...
2025-08-23 23:14:21,766 - INFO - === UPDATED WORKFLOW DEBUG ===
2025-08-23 23:14:21,766 - INFO - Updated workflow has 87 nodes
2025-08-23 23:14:21,766 - INFO - Updated node 454 inputs: {'image': 'closeup(1)_20250823_231421_f1509455.jpg', 'resize': False, 'width': 512, 'height': 512, 'repeat': 1, 'keep_proportion': False, 'divisible_by': 2, 'mask_channel': 'alpha', 'background_color': ''}
2025-08-23 23:14:21,766 - INFO - Updated node 439 inputs: {'image': 'closeup(1)_20250823_231421_8bf36482.jpg'}
2025-08-23 23:14:21,766 - INFO - Updated node 256 inputs: {'image': 'WhiteBackground_Template_20250823_231310_4de94201.png'}
2025-08-23 23:14:21,766 - INFO - Updated node 110 inputs: {'image': 'Urban street_20250823_231311_82361249.jpg'}
2025-08-23 23:14:21,766 - INFO - Updated node 448 inputs: {'string': 'Generate a scene of a young European male model (23 years old) with a white skin tone, a toned muscular body, brown hair, with ((perfectly drawn hands 1.4)), Wearing a black relaxed-fit t-shirt with a multi-colored graphic logo on the chest, paired with black loose-fit trousers with a minimalistic design, and completed with white chunky sneakers.  ((walking confidently on a city sidewalk)), ((modern urban street setting with textured walls, light stone pavement, and subtle background elements like a bicycle and warm sunlight 1.3)), in a clean style, detailed, ((professional apparel photography 1.4)). Camera Used: Sony Alpha, Camera Angle: half-body pose, Lighting: soft natural daylight with gentle contrast, ultra photorealistic, highlighting textures and details, crisp focus, HD quality.'}
2025-08-23 23:14:21,766 - INFO - Submitting workflow to: https://0b19323147381.notebooks.jarvislabs.net/prompt
2025-08-23 23:14:21,766 - INFO - Workflow has 87 nodes
2025-08-23 23:14:21,766 - INFO - Key nodes present: ['454', '439', '256', '110', '448']
2025-08-23 23:14:21,766 - INFO - === WORKFLOW SUBMISSION DEBUG ===
2025-08-23 23:14:21,766 - INFO - Image file: closeup(1).jpg
2025-08-23 23:14:21,766 - INFO - Input node 454: closeup(1)_20250823_231421_f1509455.jpg
2025-08-23 23:14:21,766 - INFO - Mask node 439: closeup(1)_20250823_231421_8bf36482.jpg
2025-08-23 23:14:21,766 - INFO - Background node 256: WhiteBackground_Template_20250823_231310_4de94201.png
2025-08-23 23:14:21,766 - INFO - Style node 110: Urban street_20250823_231311_82361249.jpg
2025-08-23 23:14:21,767 - INFO - Prompt node 448: Generate a scene of a young European male model (23 years old) with a white skin tone, a toned muscular body, brown hair, with ((perfectly drawn hands 1.4)), Wearing a black relaxed-fit t-shirt with a...
2025-08-23 23:14:21,767 - INFO - Request payload size: 16597 characters
2025-08-23 23:14:21,767 - INFO - Request payload keys: ['prompt']
2025-08-23 23:14:23,098 - INFO - === COMFYUI RESPONSE DEBUG ===
2025-08-23 23:14:23,098 - INFO - Response status code: 200
2025-08-23 23:14:23,099 - INFO - Response headers: {'Date': 'Sat, 23 Aug 2025 17:44:22 GMT', 'Content-Type': 'application/json; charset=utf-8', 'Transfer-Encoding': 'chunked', 'Connection': 'keep-alive', 'Server': 'cloudflare', 'Nel': '{"report_to":"cf-nel","success_fraction":0.0,"max_age":604800}', 'Cf-Cache-Status': 'DYNAMIC', 'Report-To': '{"group":"cf-nel","max_age":604800,"endpoints":[{"url":"https://a.nel.cloudflare.com/report/v4?s=TItnlYKzpRabIcNQD2z39uSdHyqk42lW5zV5edQLEIoCs1fNJZk7yInu0%2BLSj%2F2tezHDzKUGO2SO9C64r0OcHwhkQUxCyJ3pc%2BNIIWmOwgQU9xiva6QXFVzLhAqLfVl%2BK1nGVndaSvTGYB0folilEDA%3D"}]}', 'Content-Encoding': 'gzip', 'CF-RAY': '973c6ae05a0983f3-BLR'}
2025-08-23 23:14:23,099 - INFO - Response content: {"prompt_id": "460040cd-f03d-469d-abe7-b63017c602ad", "number": 3, "node_errors": {}}...
2025-08-23 23:14:23,099 - INFO - Queued prompt 460040cd-f03d-469d-abe7-b63017c602ad for closeup(1).jpg
2025-08-23 23:14:23,099 - INFO - [PROMPT SEND CHECK] Node 448 content: Generate a scene of a young European male model (23 years old) with a white skin tone, a toned muscular body, brown hair, with ((perfectly drawn hands 1.4)), Wearing a black relaxed-fit t-shirt with a...
2025-08-23 23:14:23,158 - INFO - Processing... attempt 1/100
2025-08-23 23:14:28,240 - INFO - Processing... attempt 2/100
2025-08-23 23:14:33,311 - INFO - Processing... attempt 3/100
2025-08-23 23:14:38,401 - INFO - Processing... attempt 4/100
2025-08-23 23:14:43,466 - INFO - Processing... attempt 5/100
2025-08-23 23:14:48,537 - INFO - Processing... attempt 6/100
2025-08-23 23:14:53,641 - INFO - Processing... attempt 7/100
2025-08-23 23:14:58,725 - INFO - Processing... attempt 8/100
2025-08-23 23:15:03,804 - INFO - Processing... attempt 9/100
2025-08-23 23:15:08,880 - INFO - Processing... attempt 10/100
2025-08-23 23:15:13,954 - INFO - Processing... attempt 11/100
2025-08-23 23:15:19,049 - INFO - Processing... attempt 12/100
2025-08-23 23:15:24,126 - INFO - Processing... attempt 13/100
2025-08-23 23:15:29,217 - INFO - Processing completed after 14 attempts
2025-08-23 23:15:29,849 - INFO - Saved: /var/folders/c1/ldxrmn552j738t4qrsd_czr40000gn/T/tmpb0nlf97s/output/6292393310444/closeup(1)_variant_1.jpg
2025-08-23 23:15:29,851 - INFO - Saved: /var/folders/c1/ldxrmn552j738t4qrsd_czr40000gn/T/tmpb0nlf97s/output/6292393310444/closeup(1)_variant_2.jpg
2025-08-23 23:15:29,853 - INFO - Saved: /var/folders/c1/ldxrmn552j738t4qrsd_czr40000gn/T/tmpb0nlf97s/output/6292393310444/closeup(1)_variant_3.jpg
2025-08-23 23:15:29,914 - INFO - Successfully processed closeup(1).jpg
2025-08-23 23:15:30,919 - INFO - Processing completed successfully!
2025-08-23 23:15:30,920 - INFO - Total products processed: 1
2025-08-23 23:15:30,920 - INFO - Successful images: 2
2025-08-23 23:15:30,920 - INFO - Failed images: 0
2025-08-23 23:15:30,925 - INFO - Image processing completed successfully
2025-08-23 23:15:30,925 - INFO - Creating final ZIP file...
2025-08-23 23:15:30,927 - INFO - Found 6 processed images: ['closeup(1)_variant_1.jpg', 'closeup(1)_variant_2.jpg', 'closeup(1)_variant_3.jpg', '6292393310444_0002_variant_2.jpg', '6292393310444_0002_variant_3.jpg', '6292393310444_0002_variant_1.jpg']
2025-08-23 23:15:30,933 - INFO - Added to ZIP: 6292393310444/closeup(1)_variant_1.jpg
2025-08-23 23:15:30,938 - INFO - Added to ZIP: 6292393310444/closeup(1)_variant_2.jpg
2025-08-23 23:15:30,941 - INFO - Added to ZIP: 6292393310444/closeup(1)_variant_3.jpg
2025-08-23 23:15:30,948 - INFO - Added to ZIP: 6292393310444/6292393310444_0002_variant_2.jpg
2025-08-23 23:15:30,952 - INFO - Added to ZIP: 6292393310444/6292393310444_0002_variant_3.jpg
2025-08-23 23:15:30,957 - INFO - Added to ZIP: 6292393310444/6292393310444_0002_variant_1.jpg
2025-08-23 23:15:30,958 - INFO - ZIP file created: /var/folders/c1/ldxrmn552j738t4qrsd_czr40000gn/T/tmpb0nlf97s/processed_images_1755971130.zip
2025-08-23 23:15:30,958 - INFO - ZIP file size: 9024149 bytes
2025-08-23 23:15:30,962 - INFO - === REQUEST PROCESSING COMPLETED SUCCESSFULLY ===
2025-08-23 23:15:30,972 - INFO - Temporary directory cleaned up
2025-08-23 23:17:43,614 - INFO - === NEW REQUEST RECEIVED ===
2025-08-23 23:17:43,615 - INFO - comfyui_url: https://0b19323147381.notebooks.jarvislabs.net/
2025-08-23 23:17:43,615 - INFO - images_zip filename: input_images copy.zip
2025-08-23 23:17:43,615 - INFO - masks_zip filename: masks copy.zip
2025-08-23 23:17:43,615 - INFO - prompts_json filename: Prompts copy.json
2025-08-23 23:17:43,615 - INFO - Creating temporary directories...
2025-08-23 23:17:43,615 - INFO - Temp dir: /var/folders/c1/ldxrmn552j738t4qrsd_czr40000gn/T/tmpgkk8ri27
2025-08-23 23:17:43,615 - INFO - Input dir: /var/folders/c1/ldxrmn552j738t4qrsd_czr40000gn/T/tmpgkk8ri27/input_images
2025-08-23 23:17:43,615 - INFO - Masks dir: /var/folders/c1/ldxrmn552j738t4qrsd_czr40000gn/T/tmpgkk8ri27/masks
2025-08-23 23:17:43,616 - INFO - Output dir: /var/folders/c1/ldxrmn552j738t4qrsd_czr40000gn/T/tmpgkk8ri27/output
2025-08-23 23:17:43,616 - INFO - Temporary directories created successfully
2025-08-23 23:17:43,616 - INFO - Starting ZIP extraction...
2025-08-23 23:17:43,616 - INFO - Attempting to extract images ZIP: input_images copy.zip
2025-08-23 23:17:43,617 - INFO - === ZIP EXTRACTION START ===
2025-08-23 23:17:43,617 - INFO - Filename: input_images copy.zip
2025-08-23 23:17:43,617 - INFO - Content type: application/zip
2025-08-23 23:17:43,617 - INFO - File size: 9540777
2025-08-23 23:17:43,617 - INFO - Reading file content...
2025-08-23 23:17:43,619 - INFO - Content read successfully. Size: 9540777 bytes
2025-08-23 23:17:43,619 - INFO - Creating BytesIO object...
2025-08-23 23:17:43,619 - INFO - BytesIO object created successfully
2025-08-23 23:17:43,619 - INFO - Validating ZIP format...
2025-08-23 23:17:43,620 - INFO - ZIP format validation passed
2025-08-23 23:17:43,620 - INFO - File pointer reset to beginning
2025-08-23 23:17:43,620 - INFO - Opening ZIP file...
2025-08-23 23:17:43,621 - INFO - ZIP file opened. Number of files: 10
2025-08-23 23:17:43,621 - INFO - ZIP file list: ['input_images copy/', '__MACOSX/._input_images copy', 'input_images copy/.DS_Store', '__MACOSX/input_images copy/._.DS_Store', 'input_images copy/6292393310444/', '__MACOSX/input_images copy/._6292393310444', 'input_images copy/6292393310444/6292393310444_0002.jpg', '__MACOSX/input_images copy/6292393310444/._6292393310444_0002.jpg', 'input_images copy/6292393310444/closeup(1).jpg', '__MACOSX/input_images copy/6292393310444/._closeup(1).jpg']...
2025-08-23 23:17:43,621 - INFO - Testing ZIP integrity...
2025-08-23 23:17:43,634 - INFO - ZIP integrity test passed
2025-08-23 23:17:43,634 - INFO - Extracting to: /var/folders/c1/ldxrmn552j738t4qrsd_czr40000gn/T/tmpgkk8ri27/input_images
2025-08-23 23:17:43,651 - INFO - Successfully extracted input_images copy.zip to /var/folders/c1/ldxrmn552j738t4qrsd_czr40000gn/T/tmpgkk8ri27/input_images
2025-08-23 23:17:43,652 - INFO - Extracted files: ['input_images copy', '__MACOSX']
2025-08-23 23:17:43,652 - INFO - === ZIP EXTRACTION COMPLETED SUCCESSFULLY ===
2025-08-23 23:17:43,652 - INFO - Images ZIP extracted successfully to: /var/folders/c1/ldxrmn552j738t4qrsd_czr40000gn/T/tmpgkk8ri27/input_images
2025-08-23 23:17:43,652 - INFO - Attempting to extract masks ZIP: masks copy.zip
2025-08-23 23:17:43,652 - INFO - === ZIP EXTRACTION START ===
2025-08-23 23:17:43,652 - INFO - Filename: masks copy.zip
2025-08-23 23:17:43,652 - INFO - Content type: application/zip
2025-08-23 23:17:43,652 - INFO - File size: 179063
2025-08-23 23:17:43,652 - INFO - Reading file content...
2025-08-23 23:17:43,652 - INFO - Content read successfully. Size: 179063 bytes
2025-08-23 23:17:43,652 - INFO - Creating BytesIO object...
2025-08-23 23:17:43,652 - INFO - BytesIO object created successfully
2025-08-23 23:17:43,652 - INFO - Validating ZIP format...
2025-08-23 23:17:43,652 - INFO - ZIP format validation passed
2025-08-23 23:17:43,652 - INFO - File pointer reset to beginning
2025-08-23 23:17:43,652 - INFO - Opening ZIP file...
2025-08-23 23:17:43,653 - INFO - ZIP file opened. Number of files: 10
2025-08-23 23:17:43,653 - INFO - ZIP file list: ['masks copy/', '__MACOSX/._masks copy', 'masks copy/.DS_Store', '__MACOSX/masks copy/._.DS_Store', 'masks copy/6292393310444/', '__MACOSX/masks copy/._6292393310444', 'masks copy/6292393310444/6292393310444_0002.jpg', '__MACOSX/masks copy/6292393310444/._6292393310444_0002.jpg', 'masks copy/6292393310444/closeup(1).jpg', '__MACOSX/masks copy/6292393310444/._closeup(1).jpg']...
2025-08-23 23:17:43,653 - INFO - Testing ZIP integrity...
2025-08-23 23:17:43,654 - INFO - ZIP integrity test passed
2025-08-23 23:17:43,654 - INFO - Extracting to: /var/folders/c1/ldxrmn552j738t4qrsd_czr40000gn/T/tmpgkk8ri27/masks
2025-08-23 23:17:43,657 - INFO - Successfully extracted masks copy.zip to /var/folders/c1/ldxrmn552j738t4qrsd_czr40000gn/T/tmpgkk8ri27/masks
2025-08-23 23:17:43,657 - INFO - Extracted files: ['masks copy', '__MACOSX']
2025-08-23 23:17:43,657 - INFO - === ZIP EXTRACTION COMPLETED SUCCESSFULLY ===
2025-08-23 23:17:43,657 - INFO - Masks ZIP extracted successfully to: /var/folders/c1/ldxrmn552j738t4qrsd_czr40000gn/T/tmpgkk8ri27/masks
2025-08-23 23:17:43,657 - INFO - Reading and validating prompts JSON...
2025-08-23 23:17:43,658 - INFO - Prompts JSON content length: 1189 bytes
2025-08-23 23:17:43,658 - INFO - Prompts JSON parsed successfully. Number of products: 1
2025-08-23 23:17:43,658 - INFO - Product IDs: ['6292393310444']
2025-08-23 23:17:43,658 - INFO - Loading workflow configuration...
2025-08-23 23:17:43,658 - INFO - Workflow configuration loaded successfully
2025-08-23 23:17:43,658 - INFO - Starting synchronous image processing...
2025-08-23 23:17:43,658 - INFO - ComfyUI URL: https://0b19323147381.notebooks.jarvislabs.net/
2025-08-23 23:17:43,659 - INFO - Input directory contents: ['input_images copy', '__MACOSX']
2025-08-23 23:17:43,659 - INFO - Masks directory contents: ['masks copy', '__MACOSX']
2025-08-23 23:17:43,659 - INFO - Starting image processing - this will wait for ComfyUI to complete ALL images...
2025-08-23 23:17:43,659 - INFO - Starting to process images...
2025-08-23 23:17:43,659 - INFO - Attempting to upload background image to ComfyUI server: https://0b19323147381.notebooks.jarvislabs.net/
2025-08-23 23:17:44,015 - INFO - Uploaded WhiteBackground_Template.png as WhiteBackground_Template_20250823_231743_e9c513b0.png (Content-Type: image/png)
2025-08-23 23:17:44,019 - INFO - Found 1 unique style images referenced in prompts.json
2025-08-23 23:17:44,019 - INFO - Required style images: Urban street
2025-08-23 23:17:44,021 - INFO - Found matching files for all 1 required style images
2025-08-23 23:17:44,021 - INFO - Uploading required style image: Urban street.jpg -> Urban street
2025-08-23 23:17:44,519 - INFO - Uploaded Urban street.jpg as Urban street_20250823_231744_2959edb5.jpg (Content-Type: image/jpeg)
2025-08-23 23:17:44,522 - INFO - Successfully uploaded style image for 'Urban street'
2025-08-23 23:17:44,522 - INFO - Successfully uploaded all 1 required style images
2025-08-23 23:17:44,522 - INFO - Processing product ID: 6292393310444
2025-08-23 23:17:44,522 - INFO - Processing product 6292393310444 (1/1) - Progress: 100%
2025-08-23 23:17:44,523 - INFO - Looking for style image: Urban street
2025-08-23 23:17:44,523 - INFO - Found input dir: /var/folders/c1/ldxrmn552j738t4qrsd_czr40000gn/T/tmpgkk8ri27/input_images/input_images copy/6292393310444
2025-08-23 23:17:44,523 - INFO - Found mask dir: /var/folders/c1/ldxrmn552j738t4qrsd_czr40000gn/T/tmpgkk8ri27/masks/masks copy/6292393310444
2025-08-23 23:17:44,523 - INFO - Created output dir: /var/folders/c1/ldxrmn552j738t4qrsd_czr40000gn/T/tmpgkk8ri27/output/6292393310444
2025-08-23 23:17:45,029 - INFO - Uploaded 6292393310444_0002.jpg as 6292393310444_0002_20250823_231744_521106c2.jpg (Content-Type: image/jpeg)
2025-08-23 23:17:45,180 - INFO - Uploaded 6292393310444_0002.jpg as 6292393310444_0002_20250823_231745_28bf0d02.jpg (Content-Type: image/jpeg)
2025-08-23 23:17:45,184 - INFO - === ORIGINAL WORKFLOW DEBUG ===
2025-08-23 23:17:45,184 - INFO - Original workflow has 87 nodes
2025-08-23 23:17:45,184 - INFO - Original node 454 inputs: {'image': 'backpos (1)_variant_1.png', 'resize': False, 'width': 512, 'height': 512, 'repeat': 1, 'keep_proportion': False, 'divisible_by': 2, 'mask_channel': 'alpha', 'background_color': ''}
2025-08-23 23:17:45,185 - INFO - Original node 439 inputs: {'image': 'closeup (1) (2).png'}
2025-08-23 23:17:45,185 - INFO - Original node 256 inputs: {'image': 'White Background_Template.png'}
2025-08-23 23:17:45,185 - INFO - Original node 110 inputs: {'image': 'Hotel Lobby.jpg'}
2025-08-23 23:17:45,185 - INFO - Original node 448 inputs: {'string': 'Generate a scene of a young European female model (23 years old) with a white skin tone, light brown hair,with ((perfectly drawn hands 1.4)),, Wearing a black fitted top, paired with a black asymmetric skirt with sheer panel detailing, and completed with no visible footwear.,  ((standing confidently in a relaxed pose in a modern, bright hotel lobby, one hand resting on her hip and the other holding a small handbag, with a composed expression 1.3)), ((bright and spacious hotel lobby with light wood paneling, polished floors, modern lighting, and contemporary furniture with minimalist décor, creating a fresh and welcoming atmosphere 1.3)), in a clean style, detailed, ((professional apparel photography 1.4)). Camera Used: Sony Alpha, Camera Angle: full-body shot, straight-on, Lighting: bright, neutral hotel lighting that illuminates the model and dress perfectly, Contrast Color, ultra photorealistic, highlighting textures and details, depth of field, crisp focus, HD quality.'}
2025-08-23 23:17:45,186 - INFO - Updated input image (454) with: 6292393310444_0002_20250823_231744_521106c2.jpg
2025-08-23 23:17:45,186 - INFO - Updated mask image (439) with: 6292393310444_0002_20250823_231745_28bf0d02.jpg
2025-08-23 23:17:45,186 - INFO - Updated background image (256) with: WhiteBackground_Template_20250823_231743_e9c513b0.png
2025-08-23 23:17:45,186 - INFO - Updated style image (110) with: Urban street_20250823_231744_2959edb5.jpg
2025-08-23 23:17:45,186 - INFO - Updated prompt text in node 448: Generate a scene of a young European male model (23 years old) with a white skin tone, a toned muscu...
2025-08-23 23:17:45,186 - INFO - === UPDATED WORKFLOW DEBUG ===
2025-08-23 23:17:45,187 - INFO - Updated workflow has 87 nodes
2025-08-23 23:17:45,187 - INFO - Updated node 454 inputs: {'image': '6292393310444_0002_20250823_231744_521106c2.jpg', 'resize': False, 'width': 512, 'height': 512, 'repeat': 1, 'keep_proportion': False, 'divisible_by': 2, 'mask_channel': 'alpha', 'background_color': ''}
2025-08-23 23:17:45,187 - INFO - Updated node 439 inputs: {'image': '6292393310444_0002_20250823_231745_28bf0d02.jpg'}
2025-08-23 23:17:45,187 - INFO - Updated node 256 inputs: {'image': 'WhiteBackground_Template_20250823_231743_e9c513b0.png'}
2025-08-23 23:17:45,187 - INFO - Updated node 110 inputs: {'image': 'Urban street_20250823_231744_2959edb5.jpg'}
2025-08-23 23:17:45,187 - INFO - Updated node 448 inputs: {'string': 'Generate a scene of a young European male model (23 years old) with a white skin tone, a toned muscular body, brown hair, with ((perfectly drawn hands 1.4)), Wearing a black relaxed-fit t-shirt with a multi-colored graphic logo on the chest, paired with black loose-fit trousers with a minimalistic design, and completed with white chunky sneakers.  ((walking confidently on a city sidewalk)), ((modern urban street setting with textured walls, light stone pavement, and subtle background elements like a bicycle and warm sunlight 1.3)), in a clean style, detailed, ((professional apparel photography 1.4)). Camera Used: Sony Alpha, Camera Angle: half-body pose, Lighting: soft natural daylight with gentle contrast, ultra photorealistic, highlighting textures and details, crisp focus, HD quality.'}
2025-08-23 23:17:45,187 - INFO - Submitting workflow to: https://0b19323147381.notebooks.jarvislabs.net/prompt
2025-08-23 23:17:45,187 - INFO - Workflow has 87 nodes
2025-08-23 23:17:45,187 - INFO - Key nodes present: ['454', '439', '256', '110', '448']
2025-08-23 23:17:45,187 - INFO - === WORKFLOW SUBMISSION DEBUG ===
2025-08-23 23:17:45,188 - INFO - Image file: 6292393310444_0002.jpg
2025-08-23 23:17:45,188 - INFO - Input node 454: 6292393310444_0002_20250823_231744_521106c2.jpg
2025-08-23 23:17:45,188 - INFO - Mask node 439: 6292393310444_0002_20250823_231745_28bf0d02.jpg
2025-08-23 23:17:45,188 - INFO - Background node 256: WhiteBackground_Template_20250823_231743_e9c513b0.png
2025-08-23 23:17:45,188 - INFO - Style node 110: Urban street_20250823_231744_2959edb5.jpg
2025-08-23 23:17:45,188 - INFO - Prompt node 448: Generate a scene of a young European male model (23 years old) with a white skin tone, a toned muscular body, brown hair, with ((perfectly drawn hands 1.4)), Wearing a black relaxed-fit t-shirt with a...
2025-08-23 23:17:45,188 - INFO - Request payload size: 16613 characters
2025-08-23 23:17:45,189 - INFO - Request payload keys: ['prompt']
2025-08-23 23:17:46,484 - INFO - === COMFYUI RESPONSE DEBUG ===
2025-08-23 23:17:46,484 - INFO - Response status code: 200
2025-08-23 23:17:46,484 - INFO - Response headers: {'Date': 'Sat, 23 Aug 2025 17:47:46 GMT', 'Content-Type': 'application/json; charset=utf-8', 'Transfer-Encoding': 'chunked', 'Connection': 'keep-alive', 'Server': 'cloudflare', 'Nel': '{"report_to":"cf-nel","success_fraction":0.0,"max_age":604800}', 'Cf-Cache-Status': 'DYNAMIC', 'Report-To': '{"group":"cf-nel","max_age":604800,"endpoints":[{"url":"https://a.nel.cloudflare.com/report/v4?s=Jstl8Ej%2F1pbfWwevcIeENwzbDqKnybg1DZSVzBRxzgbQdnrEO3STnT5Cjaj8Pu47Tr6ITJiQNzXo1H4%2FzRNjCb%2B0qyjKEtg5XYIeFQFJIeGhkQp%2FrnVxWiHpG6XkAc3OqfmF8NDA2DkUCU%2FmtG8uXsc%3D"}]}', 'Content-Encoding': 'gzip', 'CF-RAY': '973c6fd7cd627fc2-MAA'}
2025-08-23 23:17:46,484 - INFO - Response content: {"prompt_id": "5b4966e5-7074-490b-b286-2862993168bc", "number": 4, "node_errors": {}}...
2025-08-23 23:17:46,484 - INFO - Queued prompt 5b4966e5-7074-490b-b286-2862993168bc for 6292393310444_0002.jpg
2025-08-23 23:17:46,485 - INFO - [PROMPT SEND CHECK] Node 448 content: Generate a scene of a young European male model (23 years old) with a white skin tone, a toned muscular body, brown hair, with ((perfectly drawn hands 1.4)), Wearing a black relaxed-fit t-shirt with a...
2025-08-23 23:17:46,629 - INFO - Processing... attempt 1/100
2025-08-23 23:17:51,740 - INFO - Processing... attempt 2/100
2025-08-23 23:17:56,836 - INFO - Processing... attempt 3/100
2025-08-23 23:18:01,943 - INFO - Processing... attempt 4/100
2025-08-23 23:18:07,049 - INFO - Processing... attempt 5/100
2025-08-23 23:18:12,127 - INFO - Processing... attempt 6/100
2025-08-23 23:18:17,226 - INFO - Processing... attempt 7/100
2025-08-23 23:18:22,370 - INFO - Processing... attempt 8/100
2025-08-23 23:18:27,485 - INFO - Processing... attempt 9/100
2025-08-23 23:18:32,572 - INFO - Processing... attempt 10/100
2025-08-23 23:18:37,648 - INFO - Processing... attempt 11/100
2025-08-23 23:18:42,731 - INFO - Processing... attempt 12/100
2025-08-23 23:18:47,853 - INFO - Processing... attempt 13/100
2025-08-23 23:18:52,947 - INFO - Processing... attempt 14/100
2025-08-23 23:18:58,072 - INFO - Processing completed after 15 attempts
2025-08-23 23:18:58,754 - INFO - Saved: /var/folders/c1/ldxrmn552j738t4qrsd_czr40000gn/T/tmpgkk8ri27/output/6292393310444/6292393310444_0002_variant_1.jpg
2025-08-23 23:18:58,756 - INFO - Saved: /var/folders/c1/ldxrmn552j738t4qrsd_czr40000gn/T/tmpgkk8ri27/output/6292393310444/6292393310444_0002_variant_2.jpg
2025-08-23 23:18:58,756 - INFO - Saved: /var/folders/c1/ldxrmn552j738t4qrsd_czr40000gn/T/tmpgkk8ri27/output/6292393310444/6292393310444_0002_variant_3.jpg
2025-08-23 23:18:58,859 - INFO - Successfully processed 6292393310444_0002.jpg
2025-08-23 23:19:00,473 - INFO - Uploaded closeup(1).jpg as closeup(1)_20250823_231859_8fffbd02.jpg (Content-Type: image/jpeg)
2025-08-23 23:19:00,620 - INFO - Uploaded closeup(1).jpg as closeup(1)_20250823_231900_a790bc7b.jpg (Content-Type: image/jpeg)
2025-08-23 23:19:00,624 - INFO - === ORIGINAL WORKFLOW DEBUG ===
2025-08-23 23:19:00,624 - INFO - Original workflow has 87 nodes
2025-08-23 23:19:00,624 - INFO - Original node 454 inputs: {'image': 'backpos (1)_variant_1.png', 'resize': False, 'width': 512, 'height': 512, 'repeat': 1, 'keep_proportion': False, 'divisible_by': 2, 'mask_channel': 'alpha', 'background_color': ''}
2025-08-23 23:19:00,624 - INFO - Original node 439 inputs: {'image': 'closeup (1) (2).png'}
2025-08-23 23:19:00,624 - INFO - Original node 256 inputs: {'image': 'White Background_Template.png'}
2025-08-23 23:19:00,624 - INFO - Original node 110 inputs: {'image': 'Hotel Lobby.jpg'}
2025-08-23 23:19:00,624 - INFO - Original node 448 inputs: {'string': 'Generate a scene of a young European female model (23 years old) with a white skin tone, light brown hair,with ((perfectly drawn hands 1.4)),, Wearing a black fitted top, paired with a black asymmetric skirt with sheer panel detailing, and completed with no visible footwear.,  ((standing confidently in a relaxed pose in a modern, bright hotel lobby, one hand resting on her hip and the other holding a small handbag, with a composed expression 1.3)), ((bright and spacious hotel lobby with light wood paneling, polished floors, modern lighting, and contemporary furniture with minimalist décor, creating a fresh and welcoming atmosphere 1.3)), in a clean style, detailed, ((professional apparel photography 1.4)). Camera Used: Sony Alpha, Camera Angle: full-body shot, straight-on, Lighting: bright, neutral hotel lighting that illuminates the model and dress perfectly, Contrast Color, ultra photorealistic, highlighting textures and details, depth of field, crisp focus, HD quality.'}
2025-08-23 23:19:00,625 - INFO - Updated input image (454) with: closeup(1)_20250823_231859_8fffbd02.jpg
2025-08-23 23:19:00,626 - INFO - Updated mask image (439) with: closeup(1)_20250823_231900_a790bc7b.jpg
2025-08-23 23:19:00,626 - INFO - Updated background image (256) with: WhiteBackground_Template_20250823_231743_e9c513b0.png
2025-08-23 23:19:00,626 - INFO - Updated style image (110) with: Urban street_20250823_231744_2959edb5.jpg
2025-08-23 23:19:00,626 - INFO - Updated prompt text in node 448: Generate a scene of a young European male model (23 years old) with a white skin tone, a toned muscu...
2025-08-23 23:19:00,626 - INFO - === UPDATED WORKFLOW DEBUG ===
2025-08-23 23:19:00,626 - INFO - Updated workflow has 87 nodes
2025-08-23 23:19:00,626 - INFO - Updated node 454 inputs: {'image': 'closeup(1)_20250823_231859_8fffbd02.jpg', 'resize': False, 'width': 512, 'height': 512, 'repeat': 1, 'keep_proportion': False, 'divisible_by': 2, 'mask_channel': 'alpha', 'background_color': ''}
2025-08-23 23:19:00,626 - INFO - Updated node 439 inputs: {'image': 'closeup(1)_20250823_231900_a790bc7b.jpg'}
2025-08-23 23:19:00,626 - INFO - Updated node 256 inputs: {'image': 'WhiteBackground_Template_20250823_231743_e9c513b0.png'}
2025-08-23 23:19:00,626 - INFO - Updated node 110 inputs: {'image': 'Urban street_20250823_231744_2959edb5.jpg'}
2025-08-23 23:19:00,627 - INFO - Updated node 448 inputs: {'string': 'Generate a scene of a young European male model (23 years old) with a white skin tone, a toned muscular body, brown hair, with ((perfectly drawn hands 1.4)), Wearing a black relaxed-fit t-shirt with a multi-colored graphic logo on the chest, paired with black loose-fit trousers with a minimalistic design, and completed with white chunky sneakers.  ((walking confidently on a city sidewalk)), ((modern urban street setting with textured walls, light stone pavement, and subtle background elements like a bicycle and warm sunlight 1.3)), in a clean style, detailed, ((professional apparel photography 1.4)). Camera Used: Sony Alpha, Camera Angle: half-body pose, Lighting: soft natural daylight with gentle contrast, ultra photorealistic, highlighting textures and details, crisp focus, HD quality.'}
2025-08-23 23:19:00,627 - INFO - Submitting workflow to: https://0b19323147381.notebooks.jarvislabs.net/prompt
2025-08-23 23:19:00,627 - INFO - Workflow has 87 nodes
2025-08-23 23:19:00,627 - INFO - Key nodes present: ['454', '439', '256', '110', '448']
2025-08-23 23:19:00,627 - INFO - === WORKFLOW SUBMISSION DEBUG ===
2025-08-23 23:19:00,627 - INFO - Image file: closeup(1).jpg
2025-08-23 23:19:00,627 - INFO - Input node 454: closeup(1)_20250823_231859_8fffbd02.jpg
2025-08-23 23:19:00,628 - INFO - Mask node 439: closeup(1)_20250823_231900_a790bc7b.jpg
2025-08-23 23:19:00,628 - INFO - Background node 256: WhiteBackground_Template_20250823_231743_e9c513b0.png
2025-08-23 23:19:00,628 - INFO - Style node 110: Urban street_20250823_231744_2959edb5.jpg
2025-08-23 23:19:00,628 - INFO - Prompt node 448: Generate a scene of a young European male model (23 years old) with a white skin tone, a toned muscular body, brown hair, with ((perfectly drawn hands 1.4)), Wearing a black relaxed-fit t-shirt with a...
2025-08-23 23:19:00,629 - INFO - Request payload size: 16597 characters
2025-08-23 23:19:00,629 - INFO - Request payload keys: ['prompt']
2025-08-23 23:19:01,903 - INFO - === COMFYUI RESPONSE DEBUG ===
2025-08-23 23:19:01,904 - INFO - Response status code: 200
2025-08-23 23:19:01,904 - INFO - Response headers: {'Date': 'Sat, 23 Aug 2025 17:49:01 GMT', 'Content-Type': 'application/json; charset=utf-8', 'Transfer-Encoding': 'chunked', 'Connection': 'keep-alive', 'Server': 'cloudflare', 'Nel': '{"report_to":"cf-nel","success_fraction":0.0,"max_age":604800}', 'Cf-Cache-Status': 'DYNAMIC', 'Report-To': '{"group":"cf-nel","max_age":604800,"endpoints":[{"url":"https://a.nel.cloudflare.com/report/v4?s=uNfIcX%2FqAzIl8KfBzrJmiRQglk%2F4xOZTE53xWuim9vrsJ73TNwoMvyawVcYkr8D0O0CjTmvO0Ju%2BYKX314FQLwhT0TlixJO8zBJyLRneUpqpdPF19EPy0dHnXQZi3NJWQUR5Y599T%2BUsFm95Ya3tQH4%3D"}]}', 'Content-Encoding': 'gzip', 'CF-RAY': '973c71af5f3b7f9b-MAA'}
2025-08-23 23:19:01,904 - INFO - Response content: {"prompt_id": "b4831cee-87fd-4186-89f6-9c8bd72c7f86", "number": 5, "node_errors": {}}...
2025-08-23 23:19:01,904 - INFO - Queued prompt b4831cee-87fd-4186-89f6-9c8bd72c7f86 for closeup(1).jpg
2025-08-23 23:19:01,904 - INFO - [PROMPT SEND CHECK] Node 448 content: Generate a scene of a young European male model (23 years old) with a white skin tone, a toned muscular body, brown hair, with ((perfectly drawn hands 1.4)), Wearing a black relaxed-fit t-shirt with a...
2025-08-23 23:19:01,991 - INFO - Processing... attempt 1/100
2025-08-23 23:19:07,097 - INFO - Processing... attempt 2/100
2025-08-23 23:19:12,201 - INFO - Processing... attempt 3/100
2025-08-23 23:19:17,287 - INFO - Processing... attempt 4/100
2025-08-23 23:19:22,400 - INFO - Processing... attempt 5/100
2025-08-23 23:19:27,493 - INFO - Processing... attempt 6/100
2025-08-23 23:19:32,646 - INFO - Processing... attempt 7/100
2025-08-23 23:19:37,722 - INFO - Processing... attempt 8/100
2025-08-23 23:19:42,813 - INFO - Processing... attempt 9/100
2025-08-23 23:19:47,930 - INFO - Processing... attempt 10/100
2025-08-23 23:19:53,009 - INFO - Processing... attempt 11/100
2025-08-23 23:19:58,091 - INFO - Processing... attempt 12/100
2025-08-23 23:20:03,204 - INFO - Processing... attempt 13/100
2025-08-23 23:20:08,325 - INFO - Processing completed after 14 attempts
2025-08-23 23:20:08,990 - INFO - Saved: /var/folders/c1/ldxrmn552j738t4qrsd_czr40000gn/T/tmpgkk8ri27/output/6292393310444/closeup(1)_variant_1.jpg
2025-08-23 23:20:08,991 - INFO - Saved: /var/folders/c1/ldxrmn552j738t4qrsd_czr40000gn/T/tmpgkk8ri27/output/6292393310444/closeup(1)_variant_2.jpg
2025-08-23 23:20:08,992 - INFO - Saved: /var/folders/c1/ldxrmn552j738t4qrsd_czr40000gn/T/tmpgkk8ri27/output/6292393310444/closeup(1)_variant_3.jpg
2025-08-23 23:20:09,074 - INFO - Successfully processed closeup(1).jpg
2025-08-23 23:20:10,079 - INFO - Processing completed successfully!
2025-08-23 23:20:10,080 - INFO - Total products processed: 1
2025-08-23 23:20:10,080 - INFO - Successful images: 2
2025-08-23 23:20:10,080 - INFO - Failed images: 0
2025-08-23 23:20:10,085 - INFO - Image processing completed successfully
2025-08-23 23:20:10,086 - INFO - Creating final ZIP file...
2025-08-23 23:20:10,087 - INFO - Found 6 processed images: ['closeup(1)_variant_1.jpg', 'closeup(1)_variant_2.jpg', 'closeup(1)_variant_3.jpg', '6292393310444_0002_variant_2.jpg', '6292393310444_0002_variant_3.jpg', '6292393310444_0002_variant_1.jpg']
2025-08-23 23:20:10,093 - INFO - Added to ZIP: 6292393310444/closeup(1)_variant_1.jpg
2025-08-23 23:20:10,097 - INFO - Added to ZIP: 6292393310444/closeup(1)_variant_2.jpg
2025-08-23 23:20:10,103 - INFO - Added to ZIP: 6292393310444/closeup(1)_variant_3.jpg
2025-08-23 23:20:10,108 - INFO - Added to ZIP: 6292393310444/6292393310444_0002_variant_2.jpg
2025-08-23 23:20:10,112 - INFO - Added to ZIP: 6292393310444/6292393310444_0002_variant_3.jpg
2025-08-23 23:20:10,118 - INFO - Added to ZIP: 6292393310444/6292393310444_0002_variant_1.jpg
2025-08-23 23:20:10,118 - INFO - ZIP file created: /var/folders/c1/ldxrmn552j738t4qrsd_czr40000gn/T/tmpgkk8ri27/processed_images_1755971410.zip
2025-08-23 23:20:10,118 - INFO - ZIP file size: 9024149 bytes
2025-08-23 23:20:10,121 - INFO - === REQUEST PROCESSING COMPLETED SUCCESSFULLY ===
2025-08-23 23:20:10,129 - INFO - Temporary directory cleaned up
