2025-08-26 00:08:41,348 - INFO - API startup successful - all required files found
2025-08-26 00:10:23,960 - INFO - === NEW REQUEST RECEIVED ===
2025-08-26 00:10:23,960 - INFO - comfyui_url: https://153f213342941.notebooks.jarvislabs.net
2025-08-26 00:10:23,960 - INFO - images_zip filename: input.zip
2025-08-26 00:10:23,960 - INFO - masks_zip filename: input_processed.zip
2025-08-26 00:10:23,960 - INFO - prompts_json filename: 6292393310444
2025-08-26 00:10:23,960 - INFO - Creating temporary directories...
2025-08-26 00:10:23,960 - INFO - Temp dir: /var/folders/c1/ldxrmn552j738t4qrsd_czr40000gn/T/tmp0gxuc2q0
2025-08-26 00:10:23,960 - INFO - Input dir: /var/folders/c1/ldxrmn552j738t4qrsd_czr40000gn/T/tmp0gxuc2q0/input_images
2025-08-26 00:10:23,960 - INFO - Masks dir: /var/folders/c1/ldxrmn552j738t4qrsd_czr40000gn/T/tmp0gxuc2q0/masks
2025-08-26 00:10:23,960 - INFO - Output dir: /var/folders/c1/ldxrmn552j738t4qrsd_czr40000gn/T/tmp0gxuc2q0/output
2025-08-26 00:10:23,961 - INFO - Temporary directories created successfully
2025-08-26 00:10:23,961 - INFO - Starting ZIP extraction...
2025-08-26 00:10:23,961 - INFO - Attempting to extract images ZIP: input.zip
2025-08-26 00:10:23,961 - INFO - === ZIP EXTRACTION START ===
2025-08-26 00:10:23,961 - INFO - Filename: input.zip
2025-08-26 00:10:23,961 - INFO - Content type: application/zip
2025-08-26 00:10:23,961 - INFO - File size: 9553135
2025-08-26 00:10:23,961 - INFO - Reading file content...
2025-08-26 00:10:23,963 - INFO - Content read successfully. Size: 9553135 bytes
2025-08-26 00:10:23,963 - INFO - Creating BytesIO object...
2025-08-26 00:10:23,963 - INFO - BytesIO object created successfully
2025-08-26 00:10:23,963 - INFO - Validating ZIP format...
2025-08-26 00:10:23,964 - INFO - ZIP format validation passed
2025-08-26 00:10:23,964 - INFO - File pointer reset to beginning
2025-08-26 00:10:23,964 - INFO - Opening ZIP file...
2025-08-26 00:10:23,964 - INFO - ZIP file opened. Number of files: 2
2025-08-26 00:10:23,964 - INFO - ZIP file list: ['6292393310444_0002.jpg', 'closeup(1).jpg']...
2025-08-26 00:10:23,964 - INFO - Testing ZIP integrity...
2025-08-26 00:10:23,968 - INFO - ZIP integrity test passed
2025-08-26 00:10:23,968 - INFO - Extracting to: /var/folders/c1/ldxrmn552j738t4qrsd_czr40000gn/T/tmp0gxuc2q0/input_images
2025-08-26 00:10:23,973 - INFO - Successfully extracted input.zip to /var/folders/c1/ldxrmn552j738t4qrsd_czr40000gn/T/tmp0gxuc2q0/input_images
2025-08-26 00:10:23,973 - INFO - Extracted files: ['6292393310444_0002.jpg', 'closeup(1).jpg']
2025-08-26 00:10:23,973 - INFO - === ZIP EXTRACTION COMPLETED SUCCESSFULLY ===
2025-08-26 00:10:23,974 - INFO - Images ZIP extracted successfully to: /var/folders/c1/ldxrmn552j738t4qrsd_czr40000gn/T/tmp0gxuc2q0/input_images
2025-08-26 00:10:23,974 - INFO - Attempting to extract masks ZIP: input_processed.zip
2025-08-26 00:10:23,974 - INFO - === ZIP EXTRACTION START ===
2025-08-26 00:10:23,974 - INFO - Filename: input_processed.zip
2025-08-26 00:10:23,974 - INFO - Content type: application/zip
2025-08-26 00:10:23,974 - INFO - File size: 176216
2025-08-26 00:10:23,974 - INFO - Reading file content...
2025-08-26 00:10:23,974 - INFO - Content read successfully. Size: 176216 bytes
2025-08-26 00:10:23,974 - INFO - Creating BytesIO object...
2025-08-26 00:10:23,974 - INFO - BytesIO object created successfully
2025-08-26 00:10:23,974 - INFO - Validating ZIP format...
2025-08-26 00:10:23,974 - INFO - ZIP format validation passed
2025-08-26 00:10:23,974 - INFO - File pointer reset to beginning
2025-08-26 00:10:23,974 - INFO - Opening ZIP file...
2025-08-26 00:10:23,974 - INFO - ZIP file opened. Number of files: 2
2025-08-26 00:10:23,974 - INFO - ZIP file list: ['6292393310444_0002.jpg', 'closeup(1).jpg']...
2025-08-26 00:10:23,974 - INFO - Testing ZIP integrity...
2025-08-26 00:10:23,975 - INFO - ZIP integrity test passed
2025-08-26 00:10:23,975 - INFO - Extracting to: /var/folders/c1/ldxrmn552j738t4qrsd_czr40000gn/T/tmp0gxuc2q0/masks
2025-08-26 00:10:23,979 - INFO - Successfully extracted input_processed.zip to /var/folders/c1/ldxrmn552j738t4qrsd_czr40000gn/T/tmp0gxuc2q0/masks
2025-08-26 00:10:23,979 - INFO - Extracted files: ['6292393310444_0002.jpg', 'closeup(1).jpg']
2025-08-26 00:10:23,979 - INFO - === ZIP EXTRACTION COMPLETED SUCCESSFULLY ===
2025-08-26 00:10:23,979 - INFO - Masks ZIP extracted successfully to: /var/folders/c1/ldxrmn552j738t4qrsd_czr40000gn/T/tmp0gxuc2q0/masks
2025-08-26 00:10:23,979 - INFO - Reading and validating prompts JSON...
2025-08-26 00:10:23,980 - INFO - Prompts JSON content length: 1111 bytes
2025-08-26 00:10:23,980 - INFO - Converting list format to dictionary format...
2025-08-26 00:10:23,980 - INFO - Converted nested item for product 6292393310444
2025-08-26 00:10:23,980 - INFO - Converted 1 list items to dictionary format
2025-08-26 00:10:23,980 - INFO - Prompts JSON parsed successfully. Number of products: 1
2025-08-26 00:10:23,980 - INFO - Product IDs: ['6292393310444']
2025-08-26 00:10:23,980 - INFO - Loading workflow configuration...
2025-08-26 00:10:23,981 - INFO - Workflow configuration loaded successfully
2025-08-26 00:10:23,981 - INFO - Starting synchronous image processing...
2025-08-26 00:10:23,981 - INFO - ComfyUI URL: https://153f213342941.notebooks.jarvislabs.net
2025-08-26 00:10:23,982 - INFO - Input directory contents: ['6292393310444_0002.jpg', 'closeup(1).jpg']
2025-08-26 00:10:23,982 - INFO - Masks directory contents: ['6292393310444_0002.jpg', 'closeup(1).jpg']
2025-08-26 00:10:23,982 - INFO - Starting image processing - this will wait for ComfyUI to complete ALL images...
2025-08-26 00:10:23,982 - INFO - Starting to process images...
2025-08-26 00:10:23,983 - INFO - Attempting to upload background image to ComfyUI server: https://153f213342941.notebooks.jarvislabs.net
2025-08-26 00:10:24,273 - INFO - Uploaded WhiteBackground_Template.png as WhiteBackground_Template_20250826_001023_6600137d.png (Content-Type: image/png)
2025-08-26 00:10:24,277 - INFO - Found 1 unique style images referenced in prompts.json
2025-08-26 00:10:24,277 - INFO - Required style images: Urban street
2025-08-26 00:10:24,280 - INFO - Found matching files for all 1 required style images
2025-08-26 00:10:24,280 - INFO - Uploading required style image: Urban street.jpg -> Urban street
2025-08-26 00:10:24,629 - INFO - Uploaded Urban street.jpg as Urban street_20250826_001024_ece8b3eb.jpg (Content-Type: image/jpeg)
2025-08-26 00:10:24,635 - INFO - Successfully uploaded style image for 'Urban street'
2025-08-26 00:10:24,635 - INFO - Successfully uploaded all 1 required style images
2025-08-26 00:10:24,635 - INFO - Starting image processing - processing all images with matching masks
2025-08-26 00:10:24,635 - INFO - Found 2 images in input_images directory: ['6292393310444_0002.jpg', 'closeup(1).jpg']
2025-08-26 00:10:24,635 - INFO - Found 2 masks in masks directory: ['6292393310444_0002.jpg', 'closeup(1).jpg']
2025-08-26 00:10:24,635 - INFO - Found matching pair: 6292393310444_0002.jpg -> 6292393310444_0002.jpg
2025-08-26 00:10:24,635 - INFO - Found matching pair: closeup(1).jpg -> closeup(1).jpg
2025-08-26 00:10:24,635 - INFO - Found 2 matching image-mask pairs to process
2025-08-26 00:10:24,636 - INFO - Using default prompt: Generate a scene of a young European male model (23 years old) with a white skin tone, a toned muscu...
2025-08-26 00:10:24,636 - INFO - Using default style: Urban street
2025-08-26 00:10:24,636 - INFO - Using style image: Urban street_20250826_001024_ece8b3eb.jpg
2025-08-26 00:10:24,637 - INFO - Created output directory: /var/folders/c1/ldxrmn552j738t4qrsd_czr40000gn/T/tmp0gxuc2q0/output/processed_images
2025-08-26 00:10:24,637 - INFO - Processing pair 1/2: 6292393310444_0002.jpg + 6292393310444_0002.jpg
2025-08-26 00:10:25,454 - INFO - Uploaded 6292393310444_0002.jpg as 6292393310444_0002_20250826_001024_f431ac17.jpg (Content-Type: image/jpeg)
2025-08-26 00:10:25,710 - INFO - Uploaded 6292393310444_0002.jpg as 6292393310444_0002_20250826_001025_60f47a7e.jpg (Content-Type: image/jpeg)
2025-08-26 00:10:25,714 - INFO - === ORIGINAL WORKFLOW DEBUG ===
2025-08-26 00:10:25,715 - INFO - Original workflow has 87 nodes
2025-08-26 00:10:25,715 - INFO - Original node 454 inputs: {'image': 'backpos (1)_variant_1.png', 'resize': False, 'width': 512, 'height': 512, 'repeat': 1, 'keep_proportion': False, 'divisible_by': 2, 'mask_channel': 'alpha', 'background_color': ''}
2025-08-26 00:10:25,715 - INFO - Original node 439 inputs: {'image': 'closeup (1) (2).png'}
2025-08-26 00:10:25,715 - INFO - Original node 256 inputs: {'image': 'White Background_Template.png'}
2025-08-26 00:10:25,715 - INFO - Original node 110 inputs: {'image': 'Hotel Lobby.jpg'}
2025-08-26 00:10:25,715 - INFO - Original node 448 inputs: {'string': 'Generate a scene of a young European female model (23 years old) with a white skin tone, light brown hair,with ((perfectly drawn hands 1.4)),, Wearing a black fitted top, paired with a black asymmetric skirt with sheer panel detailing, and completed with no visible footwear.,  ((standing confidently in a relaxed pose in a modern, bright hotel lobby, one hand resting on her hip and the other holding a small handbag, with a composed expression 1.3)), ((bright and spacious hotel lobby with light wood paneling, polished floors, modern lighting, and contemporary furniture with minimalist décor, creating a fresh and welcoming atmosphere 1.3)), in a clean style, detailed, ((professional apparel photography 1.4)). Camera Used: Sony Alpha, Camera Angle: full-body shot, straight-on, Lighting: bright, neutral hotel lighting that illuminates the model and dress perfectly, Contrast Color, ultra photorealistic, highlighting textures and details, depth of field, crisp focus, HD quality.'}
2025-08-26 00:10:25,717 - INFO - Updated input image (454) with: 6292393310444_0002_20250826_001024_f431ac17.jpg
2025-08-26 00:10:25,717 - INFO - Updated mask image (439) with: 6292393310444_0002_20250826_001025_60f47a7e.jpg
2025-08-26 00:10:25,717 - INFO - Updated background image (256) with: WhiteBackground_Template_20250826_001023_6600137d.png
2025-08-26 00:10:25,717 - INFO - Updated style image (110) with: Urban street_20250826_001024_ece8b3eb.jpg
2025-08-26 00:10:25,718 - INFO - Updated prompt text in node 448: Generate a scene of a young European male model (23 years old) with a white skin tone, a toned muscu...
2025-08-26 00:10:25,718 - INFO - === UPDATED WORKFLOW DEBUG ===
2025-08-26 00:10:25,718 - INFO - Updated workflow has 87 nodes
2025-08-26 00:10:25,718 - INFO - Updated node 454 inputs: {'image': '6292393310444_0002_20250826_001024_f431ac17.jpg', 'resize': False, 'width': 512, 'height': 512, 'repeat': 1, 'keep_proportion': False, 'divisible_by': 2, 'mask_channel': 'alpha', 'background_color': ''}
2025-08-26 00:10:25,718 - INFO - Updated node 439 inputs: {'image': '6292393310444_0002_20250826_001025_60f47a7e.jpg'}
2025-08-26 00:10:25,718 - INFO - Updated node 256 inputs: {'image': 'WhiteBackground_Template_20250826_001023_6600137d.png'}
2025-08-26 00:10:25,718 - INFO - Updated node 110 inputs: {'image': 'Urban street_20250826_001024_ece8b3eb.jpg'}
2025-08-26 00:10:25,718 - INFO - Updated node 448 inputs: {'string': 'Generate a scene of a young European male model (23 years old) with a white skin tone, a toned muscular body, brown hair, with ((perfectly drawn hands 1.4)), Wearing a black oversized t-shirt with a colorful graphic print featuring Rick Sanchez on the back, paired with black relaxed-fit shorts, and completed with black footwear.  ((walking confidently on a city sidewalk)), ((modern urban street setting with textured walls, light stone pavement, and subtle background elements like a bicycle and warm sunlight 1.3)), in a clean style, detailed, ((professional apparel photography 1.4)). Camera Used: Sony Alpha, Camera Angle: half-body pose, Lighting: soft natural daylight with gentle contrast, ultra photorealistic, highlighting textures and details, crisp focus, HD quality.'}
2025-08-26 00:10:25,718 - INFO - Submitting workflow to: https://153f213342941.notebooks.jarvislabs.net/prompt
2025-08-26 00:10:25,718 - INFO - Workflow has 87 nodes
2025-08-26 00:10:25,718 - INFO - Key nodes present: ['454', '439', '256', '110', '448']
2025-08-26 00:10:25,718 - INFO - === WORKFLOW SUBMISSION DEBUG ===
2025-08-26 00:10:25,719 - INFO - Image file: 6292393310444_0002.jpg
2025-08-26 00:10:25,719 - INFO - Input node 454: 6292393310444_0002_20250826_001024_f431ac17.jpg
2025-08-26 00:10:25,719 - INFO - Mask node 439: 6292393310444_0002_20250826_001025_60f47a7e.jpg
2025-08-26 00:10:25,719 - INFO - Background node 256: WhiteBackground_Template_20250826_001023_6600137d.png
2025-08-26 00:10:25,719 - INFO - Style node 110: Urban street_20250826_001024_ece8b3eb.jpg
2025-08-26 00:10:25,719 - INFO - Prompt node 448: Generate a scene of a young European male model (23 years old) with a white skin tone, a toned muscular body, brown hair, with ((perfectly drawn hands 1.4)), Wearing a black oversized t-shirt with a c...
2025-08-26 00:10:25,720 - INFO - Request payload size: 16564 characters
2025-08-26 00:10:25,720 - INFO - Request payload keys: ['prompt']
2025-08-26 00:10:25,880 - INFO - === COMFYUI RESPONSE DEBUG ===
2025-08-26 00:10:25,880 - INFO - Response status code: 200
2025-08-26 00:10:25,881 - INFO - Response headers: {'Date': 'Mon, 25 Aug 2025 18:40:25 GMT', 'Content-Type': 'application/json; charset=utf-8', 'Transfer-Encoding': 'chunked', 'Connection': 'keep-alive', 'Server': 'cloudflare', 'Nel': '{"report_to":"cf-nel","success_fraction":0.0,"max_age":604800}', 'Cf-Cache-Status': 'DYNAMIC', 'Report-To': '{"group":"cf-nel","max_age":604800,"endpoints":[{"url":"https://a.nel.cloudflare.com/report/v4?s=f3lyEOeI2nVEmm3wML1b6q%2BJzNKaOk8TrgQXy82%2Bbqxigd%2Fr%2FmG0bsZ3JG2EZN1CP3W6iAfyDbEz5hwJK%2FLRhzKWOuhIX2pJxTQKHOlinm1z4NEzbciQd2xhbUqPNBIi1Aq5eVM%3D"}]}', 'Content-Encoding': 'gzip', 'CF-RAY': '974d37c0fc128a2a-BLR'}
2025-08-26 00:10:25,881 - INFO - Response content: {"prompt_id": "324f0b1b-3905-4d75-83e9-7d129fe6bcd8", "number": 15, "node_errors": {}}...
2025-08-26 00:10:25,881 - INFO - Queued prompt 324f0b1b-3905-4d75-83e9-7d129fe6bcd8 for 6292393310444_0002.jpg
2025-08-26 00:10:25,881 - INFO - [PROMPT SEND CHECK] Node 448 content: Generate a scene of a young European male model (23 years old) with a white skin tone, a toned muscular body, brown hair, with ((perfectly drawn hands 1.4)), Wearing a black oversized t-shirt with a c...
2025-08-26 00:10:26,032 - INFO - Processing... attempt 1/100
2025-08-26 00:10:31,134 - INFO - Processing... attempt 2/100
2025-08-26 00:10:36,317 - INFO - Processing... attempt 3/100
2025-08-26 00:10:41,601 - INFO - Processing... attempt 4/100
2025-08-26 00:10:46,763 - INFO - Processing... attempt 5/100
2025-08-26 00:10:51,871 - INFO - Processing... attempt 6/100
2025-08-26 00:10:57,052 - INFO - Processing... attempt 7/100
2025-08-26 00:11:02,224 - INFO - Processing... attempt 8/100
2025-08-26 00:11:07,335 - INFO - Processing... attempt 9/100
2025-08-26 00:11:12,497 - INFO - Processing... attempt 10/100
2025-08-26 00:11:17,651 - INFO - Processing... attempt 11/100
2025-08-26 00:11:22,774 - INFO - Processing... attempt 12/100
2025-08-26 00:11:27,933 - INFO - Processing... attempt 13/100
2025-08-26 00:11:33,112 - INFO - Processing... attempt 14/100
2025-08-26 00:11:38,260 - INFO - Processing completed after 15 attempts
2025-08-26 00:11:39,140 - INFO - Saved: /var/folders/c1/ldxrmn552j738t4qrsd_czr40000gn/T/tmp0gxuc2q0/output/processed_images/6292393310444_0002_variant_1.jpg
2025-08-26 00:11:39,141 - INFO - Saved: /var/folders/c1/ldxrmn552j738t4qrsd_czr40000gn/T/tmp0gxuc2q0/output/processed_images/6292393310444_0002_variant_2.jpg
2025-08-26 00:11:39,143 - INFO - Saved: /var/folders/c1/ldxrmn552j738t4qrsd_czr40000gn/T/tmp0gxuc2q0/output/processed_images/6292393310444_0002_variant_3.jpg
2025-08-26 00:11:39,305 - INFO - Successfully processed 6292393310444_0002.jpg
2025-08-26 00:11:40,311 - INFO - Processing pair 2/2: closeup(1).jpg + closeup(1).jpg
2025-08-26 00:11:40,877 - INFO - Uploaded closeup(1).jpg as closeup(1)_20250826_001140_c5b6a044.jpg (Content-Type: image/jpeg)
2025-08-26 00:11:41,160 - INFO - Uploaded closeup(1).jpg as closeup(1)_20250826_001140_31611359.jpg (Content-Type: image/jpeg)
2025-08-26 00:11:41,164 - INFO - === ORIGINAL WORKFLOW DEBUG ===
2025-08-26 00:11:41,164 - INFO - Original workflow has 87 nodes
2025-08-26 00:11:41,164 - INFO - Original node 454 inputs: {'image': 'backpos (1)_variant_1.png', 'resize': False, 'width': 512, 'height': 512, 'repeat': 1, 'keep_proportion': False, 'divisible_by': 2, 'mask_channel': 'alpha', 'background_color': ''}
2025-08-26 00:11:41,164 - INFO - Original node 439 inputs: {'image': 'closeup (1) (2).png'}
2025-08-26 00:11:41,164 - INFO - Original node 256 inputs: {'image': 'White Background_Template.png'}
2025-08-26 00:11:41,165 - INFO - Original node 110 inputs: {'image': 'Hotel Lobby.jpg'}
2025-08-26 00:11:41,165 - INFO - Original node 448 inputs: {'string': 'Generate a scene of a young European female model (23 years old) with a white skin tone, light brown hair,with ((perfectly drawn hands 1.4)),, Wearing a black fitted top, paired with a black asymmetric skirt with sheer panel detailing, and completed with no visible footwear.,  ((standing confidently in a relaxed pose in a modern, bright hotel lobby, one hand resting on her hip and the other holding a small handbag, with a composed expression 1.3)), ((bright and spacious hotel lobby with light wood paneling, polished floors, modern lighting, and contemporary furniture with minimalist décor, creating a fresh and welcoming atmosphere 1.3)), in a clean style, detailed, ((professional apparel photography 1.4)). Camera Used: Sony Alpha, Camera Angle: full-body shot, straight-on, Lighting: bright, neutral hotel lighting that illuminates the model and dress perfectly, Contrast Color, ultra photorealistic, highlighting textures and details, depth of field, crisp focus, HD quality.'}
2025-08-26 00:11:41,166 - INFO - Updated input image (454) with: closeup(1)_20250826_001140_c5b6a044.jpg
2025-08-26 00:11:41,167 - INFO - Updated mask image (439) with: closeup(1)_20250826_001140_31611359.jpg
2025-08-26 00:11:41,167 - INFO - Updated background image (256) with: WhiteBackground_Template_20250826_001023_6600137d.png
2025-08-26 00:11:41,167 - INFO - Updated style image (110) with: Urban street_20250826_001024_ece8b3eb.jpg
2025-08-26 00:11:41,167 - INFO - Updated prompt text in node 448: Generate a scene of a young European male model (23 years old) with a white skin tone, a toned muscu...
2025-08-26 00:11:41,167 - INFO - === UPDATED WORKFLOW DEBUG ===
2025-08-26 00:11:41,168 - INFO - Updated workflow has 87 nodes
2025-08-26 00:11:41,168 - INFO - Updated node 454 inputs: {'image': 'closeup(1)_20250826_001140_c5b6a044.jpg', 'resize': False, 'width': 512, 'height': 512, 'repeat': 1, 'keep_proportion': False, 'divisible_by': 2, 'mask_channel': 'alpha', 'background_color': ''}
2025-08-26 00:11:41,168 - INFO - Updated node 439 inputs: {'image': 'closeup(1)_20250826_001140_31611359.jpg'}
2025-08-26 00:11:41,168 - INFO - Updated node 256 inputs: {'image': 'WhiteBackground_Template_20250826_001023_6600137d.png'}
2025-08-26 00:11:41,168 - INFO - Updated node 110 inputs: {'image': 'Urban street_20250826_001024_ece8b3eb.jpg'}
2025-08-26 00:11:41,168 - INFO - Updated node 448 inputs: {'string': 'Generate a scene of a young European male model (23 years old) with a white skin tone, a toned muscular body, brown hair, with ((perfectly drawn hands 1.4)), Wearing a black oversized t-shirt with a colorful graphic print featuring Rick Sanchez on the back, paired with black relaxed-fit shorts, and completed with black footwear.  ((walking confidently on a city sidewalk)), ((modern urban street setting with textured walls, light stone pavement, and subtle background elements like a bicycle and warm sunlight 1.3)), in a clean style, detailed, ((professional apparel photography 1.4)). Camera Used: Sony Alpha, Camera Angle: half-body pose, Lighting: soft natural daylight with gentle contrast, ultra photorealistic, highlighting textures and details, crisp focus, HD quality.'}
2025-08-26 00:11:41,168 - INFO - Submitting workflow to: https://153f213342941.notebooks.jarvislabs.net/prompt
2025-08-26 00:11:41,168 - INFO - Workflow has 87 nodes
2025-08-26 00:11:41,168 - INFO - Key nodes present: ['454', '439', '256', '110', '448']
2025-08-26 00:11:41,168 - INFO - === WORKFLOW SUBMISSION DEBUG ===
2025-08-26 00:11:41,168 - INFO - Image file: closeup(1).jpg
2025-08-26 00:11:41,168 - INFO - Input node 454: closeup(1)_20250826_001140_c5b6a044.jpg
2025-08-26 00:11:41,169 - INFO - Mask node 439: closeup(1)_20250826_001140_31611359.jpg
2025-08-26 00:11:41,169 - INFO - Background node 256: WhiteBackground_Template_20250826_001023_6600137d.png
2025-08-26 00:11:41,169 - INFO - Style node 110: Urban street_20250826_001024_ece8b3eb.jpg
2025-08-26 00:11:41,169 - INFO - Prompt node 448: Generate a scene of a young European male model (23 years old) with a white skin tone, a toned muscular body, brown hair, with ((perfectly drawn hands 1.4)), Wearing a black oversized t-shirt with a c...
2025-08-26 00:11:41,170 - INFO - Request payload size: 16548 characters
2025-08-26 00:11:41,170 - INFO - Request payload keys: ['prompt']
2025-08-26 00:11:41,299 - INFO - === COMFYUI RESPONSE DEBUG ===
2025-08-26 00:11:41,299 - INFO - Response status code: 200
2025-08-26 00:11:41,300 - INFO - Response headers: {'Date': 'Mon, 25 Aug 2025 18:41:41 GMT', 'Content-Type': 'application/json; charset=utf-8', 'Transfer-Encoding': 'chunked', 'Connection': 'keep-alive', 'Server': 'cloudflare', 'Nel': '{"report_to":"cf-nel","success_fraction":0.0,"max_age":604800}', 'Cf-Cache-Status': 'DYNAMIC', 'Report-To': '{"group":"cf-nel","max_age":604800,"endpoints":[{"url":"https://a.nel.cloudflare.com/report/v4?s=Dex02g5FEXuoRfy6tKic%2Balz1yEEdG%2B67w3AlMpxsq4uidHPh%2BiraHjf5p3edIgNDhfLZT4TSqli8n3GJg9V2WMcjAdKp%2BhLN%2BMxH0mDlmWSZ%2BUReNmEudE8IPLQLtXrEmQICCs%3D"}]}', 'Content-Encoding': 'gzip', 'CF-RAY': '974d39988fb4c1bf-BLR'}
2025-08-26 00:11:41,300 - INFO - Response content: {"prompt_id": "d7b395c3-d03e-4fea-8943-4006ba5dcbfd", "number": 16, "node_errors": {}}...
2025-08-26 00:11:41,300 - INFO - Queued prompt d7b395c3-d03e-4fea-8943-4006ba5dcbfd for closeup(1).jpg
2025-08-26 00:11:41,300 - INFO - [PROMPT SEND CHECK] Node 448 content: Generate a scene of a young European male model (23 years old) with a white skin tone, a toned muscular body, brown hair, with ((perfectly drawn hands 1.4)), Wearing a black oversized t-shirt with a c...
2025-08-26 00:11:41,446 - INFO - Processing... attempt 1/100
2025-08-26 00:11:46,615 - INFO - Processing... attempt 2/100
2025-08-26 00:11:51,824 - INFO - Processing... attempt 3/100
2025-08-26 00:11:57,011 - INFO - Processing... attempt 4/100
2025-08-26 00:12:02,178 - INFO - Processing... attempt 5/100
2025-08-26 00:12:07,292 - INFO - Processing... attempt 6/100
2025-08-26 00:12:12,389 - INFO - Processing... attempt 7/100
2025-08-26 00:12:17,578 - INFO - Processing... attempt 8/100
2025-08-26 00:12:22,738 - INFO - Processing... attempt 9/100
2025-08-26 00:12:27,844 - INFO - Processing... attempt 10/100
2025-08-26 00:12:33,040 - INFO - Processing... attempt 11/100
2025-08-26 00:12:38,148 - INFO - Processing... attempt 12/100
2025-08-26 00:12:43,390 - INFO - Processing... attempt 13/100
2025-08-26 00:12:48,506 - INFO - Processing completed after 14 attempts
2025-08-26 00:12:49,530 - INFO - Saved: /var/folders/c1/ldxrmn552j738t4qrsd_czr40000gn/T/tmp0gxuc2q0/output/processed_images/closeup(1)_variant_1.jpg
2025-08-26 00:12:49,531 - INFO - Saved: /var/folders/c1/ldxrmn552j738t4qrsd_czr40000gn/T/tmp0gxuc2q0/output/processed_images/closeup(1)_variant_2.jpg
2025-08-26 00:12:49,532 - INFO - Saved: /var/folders/c1/ldxrmn552j738t4qrsd_czr40000gn/T/tmp0gxuc2q0/output/processed_images/closeup(1)_variant_3.jpg
2025-08-26 00:12:49,687 - INFO - Successfully processed closeup(1).jpg
2025-08-26 00:12:50,692 - INFO - Processing completed successfully!
2025-08-26 00:12:50,693 - INFO - Total image-mask pairs processed: 2
2025-08-26 00:12:50,693 - INFO - Successful images: 2
2025-08-26 00:12:50,693 - INFO - Failed images: 0
2025-08-26 00:12:50,698 - INFO - Image processing completed successfully
2025-08-26 00:12:50,698 - INFO - Creating final ZIP file...
2025-08-26 00:12:50,700 - INFO - Found 6 processed images: ['closeup(1)_variant_1.jpg', 'closeup(1)_variant_2.jpg', 'closeup(1)_variant_3.jpg', '6292393310444_0002_variant_2.jpg', '6292393310444_0002_variant_3.jpg', '6292393310444_0002_variant_1.jpg']
2025-08-26 00:12:50,711 - INFO - Added to ZIP: processed_images/closeup(1)_variant_1.jpg
2025-08-26 00:12:50,715 - INFO - Added to ZIP: processed_images/closeup(1)_variant_2.jpg
2025-08-26 00:12:50,719 - INFO - Added to ZIP: processed_images/closeup(1)_variant_3.jpg
2025-08-26 00:12:50,724 - INFO - Added to ZIP: processed_images/6292393310444_0002_variant_2.jpg
2025-08-26 00:12:50,737 - INFO - Added to ZIP: processed_images/6292393310444_0002_variant_3.jpg
2025-08-26 00:12:50,741 - INFO - Added to ZIP: processed_images/6292393310444_0002_variant_1.jpg
2025-08-26 00:12:50,742 - INFO - ZIP file created: /var/folders/c1/ldxrmn552j738t4qrsd_czr40000gn/T/tmp0gxuc2q0/processed_images_1756147370.zip
2025-08-26 00:12:50,742 - INFO - ZIP file size: 8991125 bytes
2025-08-26 00:12:50,744 - INFO - === REQUEST PROCESSING COMPLETED SUCCESSFULLY ===
2025-08-26 00:12:50,749 - INFO - Temporary directory cleaned up
