2025-08-26 20:35:56,515 - INFO - === Starting image processing request ===
2025-08-26 20:35:56,517 - INFO - Processing ZIP file: input.zip
2025-08-26 20:35:56,690 - INFO - Processing images from /var/folders/c1/ldxrmn552j738t4qrsd_czr40000gn/T/tmp7cdbb6wg/input to /var/folders/c1/ldxrmn552j738t4qrsd_czr40000gn/T/tmp7cdbb6wg/output
2025-08-26 20:35:56,690 - INFO - Found 2 image files to process
2025-08-26 20:35:56,802 - INFO - Processed: 6292393310444_0001.jpg -> closeup(1).jpg (renamed)
2025-08-26 20:35:56,885 - INFO - Processed: 6292393310444_0002.jpg -> 6292393310444_0002.jpg (kept)
2025-08-26 20:35:56,885 - INFO - Processing completed: 2 processed, 1 renamed, 1 skipped, 0 errors
2025-08-26 20:35:56,885 - INFO - Manifest file created: /var/folders/c1/ldxrmn552j738t4qrsd_czr40000gn/T/tmp7cdbb6wg/output/manifest.json
2025-08-26 20:35:57,076 - INFO - ZIP created with 3 files
2025-08-26 20:35:57,080 - INFO - MediaPipe face detection cleaned up
2025-08-26 20:36:00,473 - INFO - Temporary directory cleaned up: /var/folders/c1/ldxrmn552j738t4qrsd_czr40000gn/T/tmp7cdbb6wg
2025-08-26 20:38:51,775 - INFO - === Starting image processing request ===
2025-08-26 20:38:51,776 - INFO - Processing ZIP file: input.zip
2025-08-26 20:38:51,857 - INFO - Processing images from /var/folders/c1/ldxrmn552j738t4qrsd_czr40000gn/T/tmpbg1qjuvi/input to /var/folders/c1/ldxrmn552j738t4qrsd_czr40000gn/T/tmpbg1qjuvi/output
2025-08-26 20:38:51,857 - INFO - Found 2 image files to process
2025-08-26 20:38:51,963 - INFO - Processed: 6292393310444_0001.jpg -> closeup(1).jpg (renamed)
2025-08-26 20:38:52,035 - INFO - Processed: 6292393310444_0002.jpg -> 6292393310444_0002.jpg (kept)
2025-08-26 20:38:52,035 - INFO - Processing completed: 2 processed, 1 renamed, 1 skipped, 0 errors
2025-08-26 20:38:52,035 - INFO - Manifest file created: /var/folders/c1/ldxrmn552j738t4qrsd_czr40000gn/T/tmpbg1qjuvi/output/manifest.json
2025-08-26 20:38:52,231 - INFO - ZIP created with 3 files
2025-08-26 20:38:52,234 - INFO - MediaPipe face detection cleaned up
2025-08-26 20:38:55,654 - INFO - Temporary directory cleaned up: /var/folders/c1/ldxrmn552j738t4qrsd_czr40000gn/T/tmpbg1qjuvi
